#
# A fatal error has been detected by the Java Runtime Environment:
#
#  EXCEPTION_ACCESS_VIOLATION (0xc0000005) at pc=0x00007ffa4c04785b, pid=10048, tid=10124
#
# JRE version: OpenJDK Runtime Environment (15.0.1+9) (build 15.0.1+9-18)
# Java VM: OpenJDK 64-Bit Server VM (15.0.1+9-18, mixed mode, sharing, tiered, compressed oops, g1 gc, windows-amd64)
# Problematic frame:
# C  [atio6axx.dll+0x13e785b]
#
# No core dump will be written. Minidumps are not enabled by default on client versions of Windows
#
# If you would like to submit a bug report, please visit:
#   https://bugreport.java.com/bugreport/crash.jsp
# The crash happened outside the Java Virtual Machine in native code.
# See problematic frame for where to report the bug.
#

---------------  S U M M A R Y ------------

Command Line: -Dfile.encoding=windows-1250 -Duser.country=CZ -Duser.language=cs -Duser.variant Main

Host: Intel(R) Core(TM) i7-8700 CPU @ 3.20GHz, 12 cores, 15G,  Windows 10 , 64 bit Build 19041 (10.0.19041.928)
Time: Thu May  6 20:13:05 2021 Støední Evropa (letní èas) elapsed time: 575.767590 seconds (0d 0h 9m 35s)

---------------  T H R E A D  ---------------

Current thread (0x000001e8debe9890):  JavaThread "main" [_thread_in_native, id=10124, stack(0x00000027db400000,0x00000027db500000)]

Stack: [0x00000027db400000,0x00000027db500000],  sp=0x00000027db4feb20,  free space=1018k
Native frames: (J=compiled Java code, j=interpreted, Vv=VM code, C=native code)
C  [atio6axx.dll+0x13e785b]

Java frames: (J=compiled Java code, j=interpreted, Vv=VM code)
J 856  org.lwjgl.system.JNI.invokeV(J)V (0 bytes) @ 0x000001e8ee91e771 [0x000001e8ee91e720+0x0000000000000051]
j  org.lwjgl.glfw.GLFW.glfwTerminate()V+5
j  Main.main([Ljava/lang/String;)V+538
v  ~StubRoutines::call_stub

siginfo: EXCEPTION_ACCESS_VIOLATION (0xc0000005), reading address 0xffffffffffffffff


Register to memory mapping:

RIP=0x00007ffa4c04785b atio6axx.dll
RAX=0xc001184000000000 is an unknown value
RBX=0x000001e88d889ea0 points into unknown readable memory: 0x000001e88db58480 | 80 84 b5 8d e8 01 00 00
RCX=0x000001e89431fdb0 points into unknown readable memory: 0xc001184000000000 | 00 00 00 00 40 18 01 c0
RDX=0x000001e88d444230 points into unknown readable memory: 0x00007ffa4d432030 | 30 20 43 4d fa 7f 00 00
RSP=0x00000027db4feb20 is pointing into the stack for thread: 0x000001e8debe9890
RBP=0x000001e88d33cc00 points into unknown readable memory: 0x000001e88cfc3390 | 90 33 fc 8c e8 01 00 00
RSI=0x000001e88d33cc00 points into unknown readable memory: 0x000001e88cfc3390 | 90 33 fc 8c e8 01 00 00
RDI=0x000001e88d444230 points into unknown readable memory: 0x00007ffa4d432030 | 30 20 43 4d fa 7f 00 00
R8 =0x0000000000000019 is an unknown value
R9 =0x0 is NULL
R10=0x4924924924924925 is an unknown value
R11=0x4924924924924925 is an unknown value
R12=0x0 is NULL
R13=0x0 is NULL
R14=0x000001e88d889ea0 points into unknown readable memory: 0x000001e88db58480 | 80 84 b5 8d e8 01 00 00
R15=0x0 is NULL


Registers:
RAX=0xc001184000000000, RBX=0x000001e88d889ea0, RCX=0x000001e89431fdb0, RDX=0x000001e88d444230
RSP=0x00000027db4feb20, RBP=0x000001e88d33cc00, RSI=0x000001e88d33cc00, RDI=0x000001e88d444230
R8 =0x0000000000000019, R9 =0x0000000000000000, R10=0x4924924924924925, R11=0x4924924924924925
R12=0x0000000000000000, R13=0x0000000000000000, R14=0x000001e88d889ea0, R15=0x0000000000000000
RIP=0x00007ffa4c04785b, EFLAGS=0x0000000000010246

Top of Stack: (sp=0x00000027db4feb20)
0x00000027db4feb20:   0000000000000000 000001e88ce2c4c8
0x00000027db4feb30:   000001e88ce04a40 000001e88d228580
0x00000027db4feb40:   000000000000fffc 0000000000000000
0x00000027db4feb50:   000001e883145ca0 00007ffa4c038b0f
0x00000027db4feb60:   000001e88d889ea0 000001e8dc940000
0x00000027db4feb70:   0000000000000000 0000000000000000
0x00000027db4feb80:   000001e88d247700 00007ffa4bfbd783
0x00000027db4feb90:   000001e88d247700 000001e883145ca0
0x00000027db4feba0:   0000000000000000 0000000000000000
0x00000027db4febb0:   000001e88ce04a40 000001e88d228580
0x00000027db4febc0:   0000000000000000 00007ffa4b7ff920
0x00000027db4febd0:   0000000000000000 000001e88ce05228
0x00000027db4febe0:   000000000000278c 000001e88ce04ac0
0x00000027db4febf0:   000001e88ce04b00 00007ffa4b7f113b
0x00000027db4fec00:   0000000000000000 000001e88ce2c4c8
0x00000027db4fec10:   000001e88ce07428 0000000000000000 

Instructions: (pc=0x00007ffa4c04785b)
0x00007ffa4c04775b:   48 8b d5 ff 50 38 49 8b 76 28 84 c0 75 2f 48 8b
0x00007ffa4c04776b:   06 45 33 c9 48 8b d5 c7 44 24 20 fc ff 00 00 48
0x00007ffa4c04777b:   8b ce 45 8d 41 19 ff 50 08 49 8b 4e 28 45 33 c0
0x00007ffa4c04778b:   48 8b d5 48 8b 01 ff 50 10 49 8b 76 28 48 8b 06
0x00007ffa4c04779b:   4c 8d 44 24 60 45 33 c9 48 8b d5 48 8b ce ff 50
0x00007ffa4c0477ab:   40 48 8b 7c 24 68 49 8b 4e 08 49 03 cd 49 89 4e
0x00007ffa4c0477bb:   30 49 8b 46 30 48 83 c4 30 41 5e 41 5d 5e 5d 5b
0x00007ffa4c0477cb:   c3 cc cc cc cc 40 53 48 83 ec 20 83 41 38 ff 48
0x00007ffa4c0477db:   8b d9 75 44 48 89 7c 24 30 48 8b 79 10 83 47 08
0x00007ffa4c0477eb:   ff 75 28 48 8b 4f 60 83 79 48 04 74 1e 48 8b 49
0x00007ffa4c0477fb:   10 45 33 c9 48 8b 92 28 04 00 00 45 33 c0 48 8b
0x00007ffa4c04780b:   01 ff 50 50 48 c7 07 00 00 00 00 48 8b 7c 24 30
0x00007ffa4c04781b:   48 c7 43 30 00 00 00 00 b0 01 48 83 c4 20 5b c3
0x00007ffa4c04782b:   cc cc cc cc cc 48 89 5c 24 08 57 48 83 ec 30 48
0x00007ffa4c04783b:   8b d9 48 8b fa 48 8b 49 28 48 85 c9 74 32 48 8b
0x00007ffa4c04784b:   01 45 33 c9 c7 44 24 20 fc ff 00 00 45 8d 41 19
0x00007ffa4c04785b:   ff 50 08 48 8b 4b 28 45 33 c0 48 8b d7 48 8b 01
0x00007ffa4c04786b:   ff 50 10 b0 01 48 8b 5c 24 40 48 83 c4 30 5f c3
0x00007ffa4c04787b:   48 8b 5c 24 40 32 c0 48 83 c4 30 5f c3 cc cc cc
0x00007ffa4c04788b:   cc cc cc cc cc 48 89 5c 24 10 56 48 83 ec 30 80
0x00007ffa4c04789b:   79 48 00 49 8b f0 48 8b d9 75 4d 48 8b 49 10 4c
0x00007ffa4c0478ab:   89 4c 24 20 4c 8b cb 48 89 7c 24 40 48 8b 49 58
0x00007ffa4c0478bb:   e8 b0 0f 00 00 48 8b 7b 28 48 85 ff 74 25 48 8b
0x00007ffa4c0478cb:   07 48 8b cf 48 8b 56 20 ff 90 a0 00 00 00 48 8b
0x00007ffa4c0478db:   07 ba 01 00 00 00 48 8b cf ff 10 48 c7 43 28 00
0x00007ffa4c0478eb:   00 00 00 48 8b 7c 24 40 48 8b cb 48 8b 5c 24 48
0x00007ffa4c0478fb:   48 83 c4 30 5e e9 0b 00 00 00 cc cc cc cc cc cc
0x00007ffa4c04790b:   cc cc cc cc cc 40 53 48 83 ec 20 48 8b d9 48 8b
0x00007ffa4c04791b:   49 58 48 85 c9 74 3d 83 79 08 01 75 1f 65 48 8b
0x00007ffa4c04792b:   04 25 30 00 00 00 4c 8b 01 48 8b 90 48 12 00 00
0x00007ffa4c04793b:   48 8b 52 48 41 ff 50 08 48 8b 4b 58 83 69 08 01
0x00007ffa4c04794b:   75 0a 48 8b 01 ba 01 00 00 00 ff 10 48 c7 43 58 


Stack slot to memory mapping:
stack at sp + 0 slots: 0x0 is NULL
stack at sp + 1 slots: 0x000001e88ce2c4c8 points into unknown readable memory: 0x000001e88ce04ac0 | c0 4a e0 8c e8 01 00 00
stack at sp + 2 slots: 0x000001e88ce04a40 points into unknown readable memory: 0x00007ffa4ca362ec | ec 62 a3 4c fa 7f 00 00
stack at sp + 3 slots: 0x000001e88d228580 points into unknown readable memory: 0x000001e88d2f2801 | 01 28 2f 8d e8 01 00 00
stack at sp + 4 slots: 0x000000000000fffc is an unknown value
stack at sp + 5 slots: 0x0 is NULL
stack at sp + 6 slots: 0x000001e883145ca0 points into unknown readable memory: 0x00007ffa4d41edb8 | b8 ed 41 4d fa 7f 00 00
stack at sp + 7 slots: 0x00007ffa4c038b0f atio6axx.dll


---------------  P R O C E S S  ---------------

Threads class SMR info:
_java_thread_list=0x000001e89421f2e0, length=11, elements={
0x000001e8debe9890, 0x000001e88285c480, 0x000001e88285cf60, 0x000001e883077d30,
0x000001e8830786f0, 0x000001e88307a0c0, 0x000001e88307be70, 0x000001e88307fe20,
0x000001e88308a740, 0x000001e8831b2270, 0x000001e8831d62d0
}

Java Threads: ( => current thread )
=>0x000001e8debe9890 JavaThread "main" [_thread_in_native, id=10124, stack(0x00000027db400000,0x00000027db500000)]
  0x000001e88285c480 JavaThread "Reference Handler" daemon [_thread_blocked, id=19944, stack(0x00000027dbb00000,0x00000027dbc00000)]
  0x000001e88285cf60 JavaThread "Finalizer" daemon [_thread_blocked, id=3632, stack(0x00000027dbc00000,0x00000027dbd00000)]
  0x000001e883077d30 JavaThread "Signal Dispatcher" daemon [_thread_blocked, id=5552, stack(0x00000027dbd00000,0x00000027dbe00000)]
  0x000001e8830786f0 JavaThread "Attach Listener" daemon [_thread_blocked, id=14284, stack(0x00000027dbe00000,0x00000027dbf00000)]
  0x000001e88307a0c0 JavaThread "Service Thread" daemon [_thread_blocked, id=11128, stack(0x00000027dbf00000,0x00000027dc000000)]
  0x000001e88307be70 JavaThread "C2 CompilerThread0" daemon [_thread_blocked, id=8524, stack(0x00000027dc000000,0x00000027dc100000)]
  0x000001e88307fe20 JavaThread "C1 CompilerThread0" daemon [_thread_blocked, id=18328, stack(0x00000027dc100000,0x00000027dc200000)]
  0x000001e88308a740 JavaThread "Sweeper thread" daemon [_thread_blocked, id=18812, stack(0x00000027dc200000,0x00000027dc300000)]
  0x000001e8831b2270 JavaThread "Notification Thread" daemon [_thread_blocked, id=6400, stack(0x00000027dc300000,0x00000027dc400000)]
  0x000001e8831d62d0 JavaThread "Common-Cleaner" daemon [_thread_blocked, id=14224, stack(0x00000027dc500000,0x00000027dc600000)]

Other Threads:
  0x000001e8828576c0 VMThread "VM Thread" [stack: 0x00000027dba00000,0x00000027dbb00000] [id=8868]
  0x000001e8831b2740 WatcherThread [stack: 0x00000027dc400000,0x00000027dc500000] [id=11440]
  0x000001e8dec37370 GCTaskThread "GC Thread#0" [stack: 0x00000027db500000,0x00000027db600000] [id=16212]
  0x000001e8832fbb70 GCTaskThread "GC Thread#1" [stack: 0x00000027dc900000,0x00000027dca00000] [id=18928]
  0x000001e8832fd1c0 GCTaskThread "GC Thread#2" [stack: 0x00000027dca00000,0x00000027dcb00000] [id=16468]
  0x000001e8832fc830 GCTaskThread "GC Thread#3" [stack: 0x00000027dcb00000,0x00000027dcc00000] [id=6508]
  0x000001e8832fb510 GCTaskThread "GC Thread#4" [stack: 0x00000027dcc00000,0x00000027dcd00000] [id=18384]
  0x000001e8832fbea0 GCTaskThread "GC Thread#5" [stack: 0x00000027dcd00000,0x00000027dce00000] [id=20140]
  0x000001e8dec49410 ConcurrentGCThread "G1 Main Marker" [stack: 0x00000027db600000,0x00000027db700000] [id=10608]
  0x000001e8dec4a7a0 ConcurrentGCThread "G1 Conc#0" [stack: 0x00000027db700000,0x00000027db800000] [id=11300]
  0x000001e8826e20d0 ConcurrentGCThread "G1 Refine#0" [stack: 0x00000027db800000,0x00000027db900000] [id=856]
  0x000001e8826e2980 ConcurrentGCThread "G1 Young RemSet Sampling" [stack: 0x00000027db900000,0x00000027dba00000] [id=6224]

Threads with active compile tasks:

VM state: not at safepoint (normal execution)

VM Mutex/Monitor currently owned by a thread: None

Heap address: 0x0000000701400000, size: 4076 MB, Compressed Oops mode: Zero based, Oop shift amount: 3
CDS archive(s) mapped at: [0x0000000800000000-0x0000000800b50000-0x0000000800b50000), size 11862016, SharedBaseAddress: 0x0000000800000000, ArchiveRelocationMode: 0.
Compressed class space mapped at: 0x0000000800b50000-0x0000000840b50000, size: 1073741824
Narrow klass base: 0x0000000800000000, Narrow klass shift: 3, Narrow klass range: 0x100000000

GC Precious Log:
 CPUs: 12 total, 12 available
 Memory: 16301M
 Large Page Support: Disabled
 NUMA Support: Disabled
 Compressed Oops: Enabled (Zero based)
 Heap Region Size: 2M
 Heap Min Capacity: 8M
 Heap Initial Capacity: 256M
 Heap Max Capacity: 4076M
 Pre-touch: Disabled
 Parallel Workers: 10
 Concurrent Workers: 3
 Concurrent Refinement Workers: 10
 Periodic GC: Disabled

Heap:
 garbage-first heap   total 262144K, used 90417K [0x0000000701400000, 0x0000000800000000)
  region size 2048K, 46 young (94208K), 2 survivors (4096K)
 Metaspace       used 7444K, capacity 9994K, committed 10112K, reserved 1058816K
  class space    used 373K, capacity 608K, committed 640K, reserved 1048576K

Heap Regions: E=young(eden), S=young(survivor), O=old, HS=humongous(starts), HC=humongous(continues), CS=collection set, F=free, OA=open archive, CA=closed archive, TAMS=top-at-mark-start (previous, next)
|   0|0x0000000701400000, 0x0000000701400000, 0x0000000701600000|  0%| F|  |TAMS 0x0000000701400000, 0x0000000701400000| Untracked 
|   1|0x0000000701600000, 0x0000000701600000, 0x0000000701800000|  0%| F|  |TAMS 0x0000000701600000, 0x0000000701600000| Untracked 
|   2|0x0000000701800000, 0x0000000701800000, 0x0000000701a00000|  0%| F|  |TAMS 0x0000000701800000, 0x0000000701800000| Untracked 
|   3|0x0000000701a00000, 0x0000000701a00000, 0x0000000701c00000|  0%| F|  |TAMS 0x0000000701a00000, 0x0000000701a00000| Untracked 
|   4|0x0000000701c00000, 0x0000000701c00000, 0x0000000701e00000|  0%| F|  |TAMS 0x0000000701c00000, 0x0000000701c00000| Untracked 
|   5|0x0000000701e00000, 0x0000000701e00000, 0x0000000702000000|  0%| F|  |TAMS 0x0000000701e00000, 0x0000000701e00000| Untracked 
|   6|0x0000000702000000, 0x0000000702000000, 0x0000000702200000|  0%| F|  |TAMS 0x0000000702000000, 0x0000000702000000| Untracked 
|   7|0x0000000702200000, 0x0000000702200000, 0x0000000702400000|  0%| F|  |TAMS 0x0000000702200000, 0x0000000702200000| Untracked 
|   8|0x0000000702400000, 0x0000000702400000, 0x0000000702600000|  0%| F|  |TAMS 0x0000000702400000, 0x0000000702400000| Untracked 
|   9|0x0000000702600000, 0x0000000702600000, 0x0000000702800000|  0%| F|  |TAMS 0x0000000702600000, 0x0000000702600000| Untracked 
|  10|0x0000000702800000, 0x0000000702800000, 0x0000000702a00000|  0%| F|  |TAMS 0x0000000702800000, 0x0000000702800000| Untracked 
|  11|0x0000000702a00000, 0x0000000702a00000, 0x0000000702c00000|  0%| F|  |TAMS 0x0000000702a00000, 0x0000000702a00000| Untracked 
|  12|0x0000000702c00000, 0x0000000702c00000, 0x0000000702e00000|  0%| F|  |TAMS 0x0000000702c00000, 0x0000000702c00000| Untracked 
|  13|0x0000000702e00000, 0x0000000702e00000, 0x0000000703000000|  0%| F|  |TAMS 0x0000000702e00000, 0x0000000702e00000| Untracked 
|  14|0x0000000703000000, 0x0000000703000000, 0x0000000703200000|  0%| F|  |TAMS 0x0000000703000000, 0x0000000703000000| Untracked 
|  15|0x0000000703200000, 0x0000000703200000, 0x0000000703400000|  0%| F|  |TAMS 0x0000000703200000, 0x0000000703200000| Untracked 
|  16|0x0000000703400000, 0x0000000703400000, 0x0000000703600000|  0%| F|  |TAMS 0x0000000703400000, 0x0000000703400000| Untracked 
|  17|0x0000000703600000, 0x0000000703600000, 0x0000000703800000|  0%| F|  |TAMS 0x0000000703600000, 0x0000000703600000| Untracked 
|  18|0x0000000703800000, 0x0000000703800000, 0x0000000703a00000|  0%| F|  |TAMS 0x0000000703800000, 0x0000000703800000| Untracked 
|  19|0x0000000703a00000, 0x0000000703a00000, 0x0000000703c00000|  0%| F|  |TAMS 0x0000000703a00000, 0x0000000703a00000| Untracked 
|  20|0x0000000703c00000, 0x0000000703c00000, 0x0000000703e00000|  0%| F|  |TAMS 0x0000000703c00000, 0x0000000703c00000| Untracked 
|  21|0x0000000703e00000, 0x0000000703e00000, 0x0000000704000000|  0%| F|  |TAMS 0x0000000703e00000, 0x0000000703e00000| Untracked 
|  22|0x0000000704000000, 0x0000000704000000, 0x0000000704200000|  0%| F|  |TAMS 0x0000000704000000, 0x0000000704000000| Untracked 
|  23|0x0000000704200000, 0x0000000704200000, 0x0000000704400000|  0%| F|  |TAMS 0x0000000704200000, 0x0000000704200000| Untracked 
|  24|0x0000000704400000, 0x0000000704400000, 0x0000000704600000|  0%| F|  |TAMS 0x0000000704400000, 0x0000000704400000| Untracked 
|  25|0x0000000704600000, 0x0000000704600000, 0x0000000704800000|  0%| F|  |TAMS 0x0000000704600000, 0x0000000704600000| Untracked 
|  26|0x0000000704800000, 0x0000000704800000, 0x0000000704a00000|  0%| F|  |TAMS 0x0000000704800000, 0x0000000704800000| Untracked 
|  27|0x0000000704a00000, 0x0000000704a00000, 0x0000000704c00000|  0%| F|  |TAMS 0x0000000704a00000, 0x0000000704a00000| Untracked 
|  28|0x0000000704c00000, 0x0000000704c00000, 0x0000000704e00000|  0%| F|  |TAMS 0x0000000704c00000, 0x0000000704c00000| Untracked 
|  29|0x0000000704e00000, 0x0000000704e00000, 0x0000000705000000|  0%| F|  |TAMS 0x0000000704e00000, 0x0000000704e00000| Untracked 
|  30|0x0000000705000000, 0x0000000705000000, 0x0000000705200000|  0%| F|  |TAMS 0x0000000705000000, 0x0000000705000000| Untracked 
|  31|0x0000000705200000, 0x0000000705200000, 0x0000000705400000|  0%| F|  |TAMS 0x0000000705200000, 0x0000000705200000| Untracked 
|  32|0x0000000705400000, 0x0000000705400000, 0x0000000705600000|  0%| F|  |TAMS 0x0000000705400000, 0x0000000705400000| Untracked 
|  33|0x0000000705600000, 0x0000000705600000, 0x0000000705800000|  0%| F|  |TAMS 0x0000000705600000, 0x0000000705600000| Untracked 
|  34|0x0000000705800000, 0x0000000705800000, 0x0000000705a00000|  0%| F|  |TAMS 0x0000000705800000, 0x0000000705800000| Untracked 
|  35|0x0000000705a00000, 0x0000000705a00000, 0x0000000705c00000|  0%| F|  |TAMS 0x0000000705a00000, 0x0000000705a00000| Untracked 
|  36|0x0000000705c00000, 0x0000000705c00000, 0x0000000705e00000|  0%| F|  |TAMS 0x0000000705c00000, 0x0000000705c00000| Untracked 
|  37|0x0000000705e00000, 0x0000000705e00000, 0x0000000706000000|  0%| F|  |TAMS 0x0000000705e00000, 0x0000000705e00000| Untracked 
|  38|0x0000000706000000, 0x0000000706000000, 0x0000000706200000|  0%| F|  |TAMS 0x0000000706000000, 0x0000000706000000| Untracked 
|  39|0x0000000706200000, 0x0000000706200000, 0x0000000706400000|  0%| F|  |TAMS 0x0000000706200000, 0x0000000706200000| Untracked 
|  40|0x0000000706400000, 0x0000000706400000, 0x0000000706600000|  0%| F|  |TAMS 0x0000000706400000, 0x0000000706400000| Untracked 
|  41|0x0000000706600000, 0x0000000706600000, 0x0000000706800000|  0%| F|  |TAMS 0x0000000706600000, 0x0000000706600000| Untracked 
|  42|0x0000000706800000, 0x0000000706800000, 0x0000000706a00000|  0%| F|  |TAMS 0x0000000706800000, 0x0000000706800000| Untracked 
|  43|0x0000000706a00000, 0x0000000706a00000, 0x0000000706c00000|  0%| F|  |TAMS 0x0000000706a00000, 0x0000000706a00000| Untracked 
|  44|0x0000000706c00000, 0x0000000706c00000, 0x0000000706e00000|  0%| F|  |TAMS 0x0000000706c00000, 0x0000000706c00000| Untracked 
|  45|0x0000000706e00000, 0x0000000706e00000, 0x0000000707000000|  0%| F|  |TAMS 0x0000000706e00000, 0x0000000706e00000| Untracked 
|  46|0x0000000707000000, 0x0000000707000000, 0x0000000707200000|  0%| F|  |TAMS 0x0000000707000000, 0x0000000707000000| Untracked 
|  47|0x0000000707200000, 0x0000000707200000, 0x0000000707400000|  0%| F|  |TAMS 0x0000000707200000, 0x0000000707200000| Untracked 
|  48|0x0000000707400000, 0x0000000707400000, 0x0000000707600000|  0%| F|  |TAMS 0x0000000707400000, 0x0000000707400000| Untracked 
|  49|0x0000000707600000, 0x0000000707600000, 0x0000000707800000|  0%| F|  |TAMS 0x0000000707600000, 0x0000000707600000| Untracked 
|  50|0x0000000707800000, 0x0000000707800000, 0x0000000707a00000|  0%| F|  |TAMS 0x0000000707800000, 0x0000000707800000| Untracked 
|  51|0x0000000707a00000, 0x0000000707a00000, 0x0000000707c00000|  0%| F|  |TAMS 0x0000000707a00000, 0x0000000707a00000| Untracked 
|  52|0x0000000707c00000, 0x0000000707c00000, 0x0000000707e00000|  0%| F|  |TAMS 0x0000000707c00000, 0x0000000707c00000| Untracked 
|  53|0x0000000707e00000, 0x0000000707e00000, 0x0000000708000000|  0%| F|  |TAMS 0x0000000707e00000, 0x0000000707e00000| Untracked 
|  54|0x0000000708000000, 0x0000000708000000, 0x0000000708200000|  0%| F|  |TAMS 0x0000000708000000, 0x0000000708000000| Untracked 
|  55|0x0000000708200000, 0x0000000708200000, 0x0000000708400000|  0%| F|  |TAMS 0x0000000708200000, 0x0000000708200000| Untracked 
|  56|0x0000000708400000, 0x0000000708400000, 0x0000000708600000|  0%| F|  |TAMS 0x0000000708400000, 0x0000000708400000| Untracked 
|  57|0x0000000708600000, 0x0000000708600000, 0x0000000708800000|  0%| F|  |TAMS 0x0000000708600000, 0x0000000708600000| Untracked 
|  58|0x0000000708800000, 0x0000000708800000, 0x0000000708a00000|  0%| F|  |TAMS 0x0000000708800000, 0x0000000708800000| Untracked 
|  59|0x0000000708a00000, 0x0000000708a00000, 0x0000000708c00000|  0%| F|  |TAMS 0x0000000708a00000, 0x0000000708a00000| Untracked 
|  60|0x0000000708c00000, 0x0000000708c00000, 0x0000000708e00000|  0%| F|  |TAMS 0x0000000708c00000, 0x0000000708c00000| Untracked 
|  61|0x0000000708e00000, 0x0000000708e00000, 0x0000000709000000|  0%| F|  |TAMS 0x0000000708e00000, 0x0000000708e00000| Untracked 
|  62|0x0000000709000000, 0x0000000709000000, 0x0000000709200000|  0%| F|  |TAMS 0x0000000709000000, 0x0000000709000000| Untracked 
|  63|0x0000000709200000, 0x0000000709200000, 0x0000000709400000|  0%| F|  |TAMS 0x0000000709200000, 0x0000000709200000| Untracked 
|  64|0x0000000709400000, 0x0000000709400000, 0x0000000709600000|  0%| F|  |TAMS 0x0000000709400000, 0x0000000709400000| Untracked 
|  65|0x0000000709600000, 0x0000000709600000, 0x0000000709800000|  0%| F|  |TAMS 0x0000000709600000, 0x0000000709600000| Untracked 
|  66|0x0000000709800000, 0x0000000709800000, 0x0000000709a00000|  0%| F|  |TAMS 0x0000000709800000, 0x0000000709800000| Untracked 
|  67|0x0000000709a00000, 0x0000000709a00000, 0x0000000709c00000|  0%| F|  |TAMS 0x0000000709a00000, 0x0000000709a00000| Untracked 
|  68|0x0000000709c00000, 0x0000000709c00000, 0x0000000709e00000|  0%| F|  |TAMS 0x0000000709c00000, 0x0000000709c00000| Untracked 
|  69|0x0000000709e00000, 0x0000000709e00000, 0x000000070a000000|  0%| F|  |TAMS 0x0000000709e00000, 0x0000000709e00000| Untracked 
|  70|0x000000070a000000, 0x000000070a000000, 0x000000070a200000|  0%| F|  |TAMS 0x000000070a000000, 0x000000070a000000| Untracked 
|  71|0x000000070a200000, 0x000000070a200000, 0x000000070a400000|  0%| F|  |TAMS 0x000000070a200000, 0x000000070a200000| Untracked 
|  72|0x000000070a400000, 0x000000070a400000, 0x000000070a600000|  0%| F|  |TAMS 0x000000070a400000, 0x000000070a400000| Untracked 
|  73|0x000000070a600000, 0x000000070a600000, 0x000000070a800000|  0%| F|  |TAMS 0x000000070a600000, 0x000000070a600000| Untracked 
|  74|0x000000070a800000, 0x000000070a800000, 0x000000070aa00000|  0%| F|  |TAMS 0x000000070a800000, 0x000000070a800000| Untracked 
|  75|0x000000070aa00000, 0x000000070aa00000, 0x000000070ac00000|  0%| F|  |TAMS 0x000000070aa00000, 0x000000070aa00000| Untracked 
|  76|0x000000070ac00000, 0x000000070ac00000, 0x000000070ae00000|  0%| F|  |TAMS 0x000000070ac00000, 0x000000070ac00000| Untracked 
|  77|0x000000070ae00000, 0x000000070ae00000, 0x000000070b000000|  0%| F|  |TAMS 0x000000070ae00000, 0x000000070ae00000| Untracked 
|  78|0x000000070b000000, 0x000000070b000000, 0x000000070b200000|  0%| F|  |TAMS 0x000000070b000000, 0x000000070b000000| Untracked 
|  79|0x000000070b200000, 0x000000070b200000, 0x000000070b400000|  0%| F|  |TAMS 0x000000070b200000, 0x000000070b200000| Untracked 
|  80|0x000000070b400000, 0x000000070b400000, 0x000000070b600000|  0%| F|  |TAMS 0x000000070b400000, 0x000000070b400000| Untracked 
|  81|0x000000070b600000, 0x000000070b600000, 0x000000070b800000|  0%| F|  |TAMS 0x000000070b600000, 0x000000070b600000| Untracked 
|  82|0x000000070b800000, 0x000000070ba00000, 0x000000070ba00000|100%| E|  |TAMS 0x000000070b800000, 0x000000070b800000| Complete 
|  83|0x000000070ba00000, 0x000000070bc00000, 0x000000070bc00000|100%| E|CS|TAMS 0x000000070ba00000, 0x000000070ba00000| Complete 
|  84|0x000000070bc00000, 0x000000070be00000, 0x000000070be00000|100%| E|CS|TAMS 0x000000070bc00000, 0x000000070bc00000| Complete 
|  85|0x000000070be00000, 0x000000070c000000, 0x000000070c000000|100%| E|CS|TAMS 0x000000070be00000, 0x000000070be00000| Complete 
|  86|0x000000070c000000, 0x000000070c200000, 0x000000070c200000|100%| E|CS|TAMS 0x000000070c000000, 0x000000070c000000| Complete 
|  87|0x000000070c200000, 0x000000070c400000, 0x000000070c400000|100%| E|CS|TAMS 0x000000070c200000, 0x000000070c200000| Complete 
|  88|0x000000070c400000, 0x000000070c600000, 0x000000070c600000|100%| E|CS|TAMS 0x000000070c400000, 0x000000070c400000| Complete 
|  89|0x000000070c600000, 0x000000070c800000, 0x000000070c800000|100%| E|CS|TAMS 0x000000070c600000, 0x000000070c600000| Complete 
|  90|0x000000070c800000, 0x000000070ca00000, 0x000000070ca00000|100%| E|CS|TAMS 0x000000070c800000, 0x000000070c800000| Complete 
|  91|0x000000070ca00000, 0x000000070cc00000, 0x000000070cc00000|100%| E|CS|TAMS 0x000000070ca00000, 0x000000070ca00000| Complete 
|  92|0x000000070cc00000, 0x000000070ce00000, 0x000000070ce00000|100%| E|CS|TAMS 0x000000070cc00000, 0x000000070cc00000| Complete 
|  93|0x000000070ce00000, 0x000000070d000000, 0x000000070d000000|100%| E|CS|TAMS 0x000000070ce00000, 0x000000070ce00000| Complete 
|  94|0x000000070d000000, 0x000000070d200000, 0x000000070d200000|100%| E|CS|TAMS 0x000000070d000000, 0x000000070d000000| Complete 
|  95|0x000000070d200000, 0x000000070d400000, 0x000000070d400000|100%| E|CS|TAMS 0x000000070d200000, 0x000000070d200000| Complete 
|  96|0x000000070d400000, 0x000000070d600000, 0x000000070d600000|100%| E|CS|TAMS 0x000000070d400000, 0x000000070d400000| Complete 
|  97|0x000000070d600000, 0x000000070d800000, 0x000000070d800000|100%| E|CS|TAMS 0x000000070d600000, 0x000000070d600000| Complete 
|  98|0x000000070d800000, 0x000000070da00000, 0x000000070da00000|100%| E|CS|TAMS 0x000000070d800000, 0x000000070d800000| Complete 
|  99|0x000000070da00000, 0x000000070dc00000, 0x000000070dc00000|100%| E|CS|TAMS 0x000000070da00000, 0x000000070da00000| Complete 
| 100|0x000000070dc00000, 0x000000070de00000, 0x000000070de00000|100%| E|CS|TAMS 0x000000070dc00000, 0x000000070dc00000| Complete 
| 101|0x000000070de00000, 0x000000070e000000, 0x000000070e000000|100%| E|CS|TAMS 0x000000070de00000, 0x000000070de00000| Complete 
| 102|0x000000070e000000, 0x000000070e200000, 0x000000070e200000|100%| E|CS|TAMS 0x000000070e000000, 0x000000070e000000| Complete 
| 103|0x000000070e200000, 0x000000070e400000, 0x000000070e400000|100%| E|CS|TAMS 0x000000070e200000, 0x000000070e200000| Complete 
| 104|0x000000070e400000, 0x000000070e600000, 0x000000070e600000|100%| E|CS|TAMS 0x000000070e400000, 0x000000070e400000| Complete 
| 105|0x000000070e600000, 0x000000070e800000, 0x000000070e800000|100%| E|CS|TAMS 0x000000070e600000, 0x000000070e600000| Complete 
| 106|0x000000070e800000, 0x000000070ea00000, 0x000000070ea00000|100%| E|CS|TAMS 0x000000070e800000, 0x000000070e800000| Complete 
| 107|0x000000070ea00000, 0x000000070ea4c400, 0x000000070ec00000| 14%| S|CS|TAMS 0x000000070ea00000, 0x000000070ea00000| Complete 
| 108|0x000000070ec00000, 0x000000070ee00000, 0x000000070ee00000|100%| S|CS|TAMS 0x000000070ec00000, 0x000000070ec00000| Complete 
| 109|0x000000070ee00000, 0x000000070f000000, 0x000000070f000000|100%| E|CS|TAMS 0x000000070ee00000, 0x000000070ee00000| Complete 
| 110|0x000000070f000000, 0x000000070f200000, 0x000000070f200000|100%| E|CS|TAMS 0x000000070f000000, 0x000000070f000000| Complete 
| 111|0x000000070f200000, 0x000000070f400000, 0x000000070f400000|100%| E|CS|TAMS 0x000000070f200000, 0x000000070f200000| Complete 
| 112|0x000000070f400000, 0x000000070f600000, 0x000000070f600000|100%| E|CS|TAMS 0x000000070f400000, 0x000000070f400000| Complete 
| 113|0x000000070f600000, 0x000000070f800000, 0x000000070f800000|100%| E|CS|TAMS 0x000000070f600000, 0x000000070f600000| Complete 
| 114|0x000000070f800000, 0x000000070fa00000, 0x000000070fa00000|100%| E|CS|TAMS 0x000000070f800000, 0x000000070f800000| Complete 
| 115|0x000000070fa00000, 0x000000070fc00000, 0x000000070fc00000|100%| E|CS|TAMS 0x000000070fa00000, 0x000000070fa00000| Complete 
| 116|0x000000070fc00000, 0x000000070fe00000, 0x000000070fe00000|100%| E|CS|TAMS 0x000000070fc00000, 0x000000070fc00000| Complete 
| 117|0x000000070fe00000, 0x0000000710000000, 0x0000000710000000|100%| E|CS|TAMS 0x000000070fe00000, 0x000000070fe00000| Complete 
| 118|0x0000000710000000, 0x0000000710200000, 0x0000000710200000|100%| E|CS|TAMS 0x0000000710000000, 0x0000000710000000| Complete 
| 119|0x0000000710200000, 0x0000000710400000, 0x0000000710400000|100%| E|CS|TAMS 0x0000000710200000, 0x0000000710200000| Complete 
| 120|0x0000000710400000, 0x0000000710600000, 0x0000000710600000|100%| E|CS|TAMS 0x0000000710400000, 0x0000000710400000| Complete 
| 121|0x0000000710600000, 0x0000000710800000, 0x0000000710800000|100%| E|CS|TAMS 0x0000000710600000, 0x0000000710600000| Complete 
| 122|0x0000000710800000, 0x0000000710a00000, 0x0000000710a00000|100%| E|CS|TAMS 0x0000000710800000, 0x0000000710800000| Complete 
| 123|0x0000000710a00000, 0x0000000710c00000, 0x0000000710c00000|100%| E|CS|TAMS 0x0000000710a00000, 0x0000000710a00000| Complete 
| 124|0x0000000710c00000, 0x0000000710e00000, 0x0000000710e00000|100%| E|CS|TAMS 0x0000000710c00000, 0x0000000710c00000| Complete 
| 125|0x0000000710e00000, 0x0000000711000000, 0x0000000711000000|100%| E|CS|TAMS 0x0000000710e00000, 0x0000000710e00000| Complete 
| 126|0x0000000711000000, 0x0000000711200000, 0x0000000711200000|100%| E|CS|TAMS 0x0000000711000000, 0x0000000711000000| Complete 
| 127|0x0000000711200000, 0x0000000711400000, 0x0000000711400000|100%| E|CS|TAMS 0x0000000711200000, 0x0000000711200000| Complete 

Card table byte_map: [0x000001e8f6b60000,0x000001e8f7360000] _byte_map_base: 0x000001e8f3356000

Marking Bits (Prev, Next): (CMBitMap*) 0x000001e8dec37be0, (CMBitMap*) 0x000001e8dec37c20
 Prev Bits: [0x000001e8f7b60000, 0x000001e8fbb10000)
 Next Bits: [0x000001e8fbb10000, 0x000001e8ffac0000)

Polling page: 0x000001e8dcbb0000

Metaspace:

Usage:
  Non-class:      9.17 MB capacity,     6.90 MB ( 75%) used,     2.25 MB ( 25%) free+waste,     8.06 KB ( <1%) overhead. 
      Class:    608.00 KB capacity,   373.94 KB ( 62%) used,   231.94 KB ( 38%) free+waste,     2.12 KB ( <1%) overhead. 
       Both:      9.76 MB capacity,     7.27 MB ( 74%) used,     2.48 MB ( 25%) free+waste,    10.19 KB ( <1%) overhead. 

Virtual space:
  Non-class space:       10.00 MB reserved,       9.25 MB ( 92%) committed 
      Class space:        1.00 GB reserved,     640.00 KB ( <1%) committed 
             Both:        1.01 GB reserved,       9.88 MB ( <1%) committed 

Chunk freelists:
   Non-Class:  86.00 KB
       Class:  0 bytes
        Both:  86.00 KB

MaxMetaspaceSize: 17179869184.00 GB
CompressedClassSpaceSize: 1.00 GB

CodeHeap 'non-profiled nmethods': size=120000Kb used=278Kb max_used=278Kb free=119722Kb
 bounds [0x000001e8ee8e0000, 0x000001e8eeb50000, 0x000001e8f5e10000]
CodeHeap 'profiled nmethods': size=120000Kb used=1545Kb max_used=1545Kb free=118454Kb
 bounds [0x000001e8e73b0000, 0x000001e8e7620000, 0x000001e8ee8e0000]
CodeHeap 'non-nmethods': size=5760Kb used=1595Kb max_used=1609Kb free=4164Kb
 bounds [0x000001e8e6e10000, 0x000001e8e7080000, 0x000001e8e73b0000]
 total_blobs=1880 nmethods=893 adapters=900
 compilation: enabled
              stopped_count=0, restarted_count=0
 full_count=0

Compilation events (20 events):
Event: 2.900 Thread 0x000001e88307fe20  884       3       org.joml.Matrix4f::_m30 (7 bytes)
Event: 2.900 Thread 0x000001e88307fe20 nmethod 884 0x000001e8e7529410 code [0x000001e8e75295a0, 0x000001e8e7529698]
Event: 2.900 Thread 0x000001e88307fe20  885       3       org.joml.Matrix4f::_m31 (7 bytes)
Event: 2.900 Thread 0x000001e88307fe20 nmethod 885 0x000001e8e7529710 code [0x000001e8e75298a0, 0x000001e8e7529998]
Event: 2.900 Thread 0x000001e88307fe20  886       3       org.joml.Matrix4f::translateGeneric (136 bytes)
Event: 2.900 Thread 0x000001e88307fe20 nmethod 886 0x000001e8e7529a10 code [0x000001e8e7529c40, 0x000001e8e752a4f8]
Event: 2.955 Thread 0x000001e88307be70  887 %     4       Main::main @ 485 (542 bytes)
Event: 2.963 Thread 0x000001e88307be70 nmethod 887% 0x000001e8ee921a10 code [0x000001e8ee921ce0, 0x000001e8ee9226c8]
Event: 3.015 Thread 0x000001e88307fe20  888 %     3       Main::main @ 485 (542 bytes)
Event: 3.017 Thread 0x000001e88307fe20 nmethod 888% 0x000001e8e752a810 code [0x000001e8e752b180, 0x000001e8e7530768]
Event: 3.104 Thread 0x000001e88307be70  889       4       org.lwjgl.opengl.GL20::glUseProgram (5 bytes)
Event: 3.104 Thread 0x000001e88307be70 nmethod 889 0x000001e8ee923090 code [0x000001e8ee923220, 0x000001e8ee923288]
Event: 3.104 Thread 0x000001e88307be70  890       4       org.lwjgl.opengl.GL11::glClearColor (8 bytes)
Event: 3.104 Thread 0x000001e88307be70 nmethod 890 0x000001e8ee923390 code [0x000001e8ee923520, 0x000001e8ee923588]
Event: 3.104 Thread 0x000001e88307be70  891       4       org.lwjgl.opengl.GL11::glClear (5 bytes)
Event: 3.105 Thread 0x000001e88307be70 nmethod 891 0x000001e8ee923690 code [0x000001e8ee923820, 0x000001e8ee923888]
Event: 3.600 Thread 0x000001e88307be70  892 %     4       Main::main @ 485 (542 bytes)
Event: 3.611 Thread 0x000001e88307be70 nmethod 892% 0x000001e8ee923990 code [0x000001e8ee923c60, 0x000001e8ee924ac8]
Event: 3.612 Thread 0x000001e88307be70  893       4       org.lwjgl.glfw.GLFW::glfwPollEvents (12 bytes)
Event: 3.612 Thread 0x000001e88307be70 nmethod 893 0x000001e8ee925510 code [0x000001e8ee9256a0, 0x000001e8ee925708]

GC Heap History (4 events):
Event: 29.301 GC heap before
{Heap before GC invocations=0 (full 0):
 garbage-first heap   total 262144K, used 22528K [0x0000000701400000, 0x0000000800000000)
  region size 2048K, 11 young (22528K), 0 survivors (0K)
 Metaspace       used 7443K, capacity 9994K, committed 10112K, reserved 1058816K
  class space    used 373K, capacity 608K, committed 640K, reserved 1048576K
}
Event: 29.303 GC heap after
{Heap after GC invocations=1 (full 0):
 garbage-first heap   total 262144K, used 2169K [0x0000000701400000, 0x0000000800000000)
  region size 2048K, 2 young (4096K), 2 survivors (4096K)
 Metaspace       used 7443K, capacity 9994K, committed 10112K, reserved 1058816K
  class space    used 373K, capacity 608K, committed 640K, reserved 1048576K
}
Event: 185.377 GC heap before
{Heap before GC invocations=1 (full 0):
 garbage-first heap   total 262144K, used 36985K [0x0000000701400000, 0x0000000800000000)
  region size 2048K, 19 young (38912K), 2 survivors (4096K)
 Metaspace       used 7444K, capacity 9994K, committed 10112K, reserved 1058816K
  class space    used 373K, capacity 608K, committed 640K, reserved 1048576K
}
Event: 185.378 GC heap after
{Heap after GC invocations=2 (full 0):
 garbage-first heap   total 262144K, used 2353K [0x0000000701400000, 0x0000000800000000)
  region size 2048K, 2 young (4096K), 2 survivors (4096K)
 Metaspace       used 7444K, capacity 9994K, committed 10112K, reserved 1058816K
  class space    used 373K, capacity 608K, committed 640K, reserved 1048576K
}

Deoptimization events (20 events):
Event: 3.100 Thread 0x000001e8debe9890 DEOPT PACKING pc=0x000001e8e7530215 sp=0x00000027db4fef20
Event: 3.100 Thread 0x000001e8debe9890 DEOPT UNPACKING pc=0x000001e8e6e5e23f sp=0x00000027db4fe518 mode 0
Event: 3.210 Thread 0x000001e8debe9890 DEOPT PACKING pc=0x000001e8e7530215 sp=0x00000027db4fef20
Event: 3.210 Thread 0x000001e8debe9890 DEOPT UNPACKING pc=0x000001e8e6e5e23f sp=0x00000027db4fe518 mode 0
Event: 3.307 Thread 0x000001e8debe9890 DEOPT PACKING pc=0x000001e8e7530215 sp=0x00000027db4fef20
Event: 3.307 Thread 0x000001e8debe9890 DEOPT UNPACKING pc=0x000001e8e6e5e23f sp=0x00000027db4fe518 mode 0
Event: 3.404 Thread 0x000001e8debe9890 DEOPT PACKING pc=0x000001e8e7530215 sp=0x00000027db4fef20
Event: 3.404 Thread 0x000001e8debe9890 DEOPT UNPACKING pc=0x000001e8e6e5e23f sp=0x00000027db4fe518 mode 0
Event: 3.503 Thread 0x000001e8debe9890 DEOPT PACKING pc=0x000001e8e7530215 sp=0x00000027db4fef20
Event: 3.503 Thread 0x000001e8debe9890 DEOPT UNPACKING pc=0x000001e8e6e5e23f sp=0x00000027db4fe518 mode 0
Event: 3.600 Thread 0x000001e8debe9890 DEOPT PACKING pc=0x000001e8e7530215 sp=0x00000027db4fef20
Event: 3.600 Thread 0x000001e8debe9890 DEOPT UNPACKING pc=0x000001e8e6e5e23f sp=0x00000027db4fe518 mode 0
Event: 575.758 Thread 0x000001e8debe9890 Uncommon trap: trap_request=0xffffff45 fr.pc=0x000001e8ee9247e0 relative=0x0000000000000b80
Event: 575.758 Thread 0x000001e8debe9890 Uncommon trap: reason=unstable_if action=reinterpret pc=0x000001e8ee9247e0 method=Main.main([Ljava/lang/String;)V @ 446 c2
Event: 575.758 Thread 0x000001e8debe9890 DEOPT PACKING pc=0x000001e8ee9247e0 sp=0x00000027db4ff070
Event: 575.758 Thread 0x000001e8debe9890 DEOPT UNPACKING pc=0x000001e8e6e5e42f sp=0x00000027db4ff018 mode 2
Event: 575.758 Thread 0x000001e8debe9890 Uncommon trap: trap_request=0xffffff45 fr.pc=0x000001e8ee920490 relative=0x0000000000000070
Event: 575.758 Thread 0x000001e8debe9890 Uncommon trap: reason=unstable_if action=reinterpret pc=0x000001e8ee920490 method=org.lwjgl.glfw.GLFW.glfwWindowShouldClose(J)Z @ 20 c2
Event: 575.758 Thread 0x000001e8debe9890 DEOPT PACKING pc=0x000001e8ee920490 sp=0x00000027db4ff010
Event: 575.758 Thread 0x000001e8debe9890 DEOPT UNPACKING pc=0x000001e8e6e5e42f sp=0x00000027db4fefa0 mode 2

Classes unloaded (0 events):
No events

Classes redefined (0 events):
No events

Internal exceptions (12 events):
Event: 0.088 Thread 0x000001e8debe9890 Exception <a 'java/lang/NoSuchMethodError'{0x00000007110af198}: 'void java.lang.invoke.DirectMethodHandle$Holder.invokeStatic(java.lang.Object, java.lang.Object)'> (0x00000007110af198) 
thrown [./open/src/hotspot/share/interpreter/linkResolver.cpp, line 782]
Event: 0.088 Thread 0x000001e8debe9890 Exception <a 'java/lang/NoSuchMethodError'{0x00000007110b4c90}: 'void java.lang.invoke.DirectMethodHandle$Holder.invokeSpecial(java.lang.Object, java.lang.Object, java.lang.Object)'> (0x00000007110b4c90) 
thrown [./open/src/hotspot/share/interpreter/linkResolver.cpp, line 782]
Event: 0.091 Thread 0x000001e8debe9890 Exception <a 'java/lang/NoSuchMethodError'{0x00000007110c9900}: 'java.lang.Object java.lang.invoke.DirectMethodHandle$Holder.invokeStatic(java.lang.Object, java.lang.Object, int)'> (0x00000007110c9900) 
thrown [./open/src/hotspot/share/interpreter/linkResolver.cpp, line 782]
Event: 0.091 Thread 0x000001e8debe9890 Exception <a 'java/lang/NoSuchMethodError'{0x00000007110d5a48}: 'void java.lang.invoke.DelegatingMethodHandle$Holder.delegate(java.lang.Object, java.lang.Object, int, java.lang.Object)'> (0x00000007110d5a48) 
thrown [./open/src/hotspot/share/interpreter/linkResolver.cpp, line 782]
Event: 0.092 Thread 0x000001e8debe9890 Exception <a 'java/lang/NoSuchMethodError'{0x00000007110d9d90}: 'int java.lang.invoke.DirectMethodHandle$Holder.invokeSpecial(java.lang.Object, java.lang.Object, java.lang.Object)'> (0x00000007110d9d90) 
thrown [./open/src/hotspot/share/interpreter/linkResolver.cpp, line 782]
Event: 0.099 Thread 0x000001e8debe9890 Exception <a 'java/lang/NoSuchMethodError'{0x000000071110b138}: 'java.lang.Object java.lang.invoke.DirectMethodHandle$Holder.invokeStatic(java.lang.Object)'> (0x000000071110b138) 
thrown [./open/src/hotspot/share/interpreter/linkResolver.cpp, line 782]
Event: 0.099 Thread 0x000001e8debe9890 Exception <a 'java/lang/NoSuchMethodError'{0x000000071110ea50}: 'java.lang.Object java.lang.invoke.DirectMethodHandle$Holder.invokeStaticInit(java.lang.Object)'> (0x000000071110ea50) 
thrown [./open/src/hotspot/share/interpreter/linkResolver.cpp, line 782]
Event: 0.099 Thread 0x000001e8debe9890 Exception <a 'java/lang/NoSuchMethodError'{0x0000000711115080}: 'java.lang.Object java.lang.invoke.Invokers$Holder.invoke_MT(java.lang.Object, java.lang.Object, java.lang.Object)'> (0x0000000711115080) 
thrown [./open/src/hotspot/share/interpreter/linkResolver.cpp, line 782]
Event: 0.131 Thread 0x000001e8debe9890 Exception <a 'java/lang/NoSuchMethodError'{0x00000007111f99b8}: 'void java.lang.invoke.DirectMethodHandle$Holder.invokeStaticInit(java.lang.Object, java.lang.Object)'> (0x00000007111f99b8) 
thrown [./open/src/hotspot/share/interpreter/linkResolver.cpp, line 782]
Event: 0.420 Thread 0x000001e8debe9890 Exception <a 'sun/nio/fs/WindowsException'{0x0000000710f45208}> (0x0000000710f45208) 
thrown [./open/src/hotspot/share/prims/jni.cpp, line 578]
Event: 0.421 Thread 0x000001e8debe9890 Exception <a 'sun/nio/fs/WindowsException'{0x0000000710f45950}> (0x0000000710f45950) 
thrown [./open/src/hotspot/share/prims/jni.cpp, line 578]
Event: 0.531 Thread 0x000001e8debe9890 Exception <a 'java/lang/NoSuchMethodError'{0x0000000710603da8}: 'void java.lang.invoke.DirectMethodHandle$Holder.invokeStatic(java.lang.Object, long, int, int)'> (0x0000000710603da8) 
thrown [./open/src/hotspot/share/interpreter/linkResolver.cpp, line 782]

Events (20 events):
Event: 0.613 Executing VM operation: ICBufferFull done
Event: 0.613 Executing VM operation: HandshakeAllThreads
Event: 0.613 Executing VM operation: HandshakeAllThreads done
Event: 0.637 Loaded shared library C:\Users\Mikoláš Pešek\AppData\Local\Temp\lwjglMikoláš Pešek\3.2.0-build-12\lwjgl_opengl.dll
Event: 0.644 Loaded shared library C:\Users\Mikoláš Pešek\AppData\Local\Temp\lwjglMikoláš Pešek\3.2.0-build-12\lwjgl_opengl.dll
Event: 0.648 Thread 0x000001e88d89e640 Thread exited: 0x000001e88d89e640
Event: 0.649 Loaded shared library C:\Users\Mikoláš Pešek\AppData\Local\Temp\lwjglMikoláš Pešek\3.2.0-build-12\lwjgl.dll
Event: 0.690 Loaded shared library C:\Users\Mikoláš Pešek\AppData\Local\Temp\lwjglMikoláš Pešek\3.2.0-build-12\lwjgl_opengl.dll
Event: 0.694 Loaded shared library C:\Users\Mikoláš Pešek\AppData\Local\Temp\lwjglMikoláš Pešek\3.2.0-build-12\lwjgl_opengl.dll
Event: 0.695 Loaded shared library C:\Users\Mikoláš Pešek\AppData\Local\Temp\lwjglMikoláš Pešek\3.2.0-build-12\lwjgl.dll
Event: 0.697 Loaded shared library C:\Users\Mikoláš Pešek\AppData\Local\Temp\lwjglMikoláš Pešek\3.2.0-build-12\lwjgl.dll
Event: 0.701 Loaded shared library C:\Users\Mikoláš Pešek\AppData\Local\Temp\lwjglMikoláš Pešek\3.2.0-build-12\lwjgl_opengl.dll
Event: 0.705 Loaded shared library C:\Users\Mikoláš Pešek\AppData\Local\Temp\lwjglMikoláš Pešek\3.2.0-build-12\lwjgl_opengl.dll
Event: 0.733 Loaded shared library C:\Users\Mikoláš Pešek\AppData\Local\Temp\lwjglMikoláš Pešek\3.2.0-build-12\lwjgl.dll
Event: 2.849 loading class java/lang/NumberFormatException
Event: 2.849 loading class java/lang/NumberFormatException done
Event: 29.301 Executing VM operation: G1CollectForAllocation
Event: 29.303 Executing VM operation: G1CollectForAllocation done
Event: 185.377 Executing VM operation: G1CollectForAllocation
Event: 185.378 Executing VM operation: G1CollectForAllocation done


Dynamic libraries:
0x00007ff6b8fa0000 - 0x00007ff6b8fad000 	C:\Users\Mikoláš Pešek\.jdks\openjdk-15.0.1\bin\java.exe
0x00007ffaa7910000 - 0x00007ffaa7b05000 	C:\WINDOWS\SYSTEM32\ntdll.dll
0x00007ffaa6c00000 - 0x00007ffaa6cbd000 	C:\WINDOWS\System32\KERNEL32.DLL
0x00007ffaa5470000 - 0x00007ffaa5738000 	C:\WINDOWS\System32\KERNELBASE.dll
0x00007ffaa51b0000 - 0x00007ffaa52b0000 	C:\WINDOWS\System32\ucrtbase.dll
0x00007ffa8eb10000 - 0x00007ffa8eb28000 	C:\Users\Mikoláš Pešek\.jdks\openjdk-15.0.1\bin\jli.dll
0x00007ffa79fb0000 - 0x00007ffa79fc9000 	C:\Users\Mikoláš Pešek\.jdks\openjdk-15.0.1\bin\VCRUNTIME140.dll
0x00007ffaa5a50000 - 0x00007ffaa5bf0000 	C:\WINDOWS\System32\USER32.dll
0x00007ffa92040000 - 0x00007ffa922da000 	C:\WINDOWS\WinSxS\amd64_microsoft.windows.common-controls_6595b64144ccf1df_6.0.19041.844_none_ca00b6081b84eb1d\COMCTL32.dll
0x00007ffaa58a0000 - 0x00007ffaa58c2000 	C:\WINDOWS\System32\win32u.dll
0x00007ffaa7710000 - 0x00007ffaa77ae000 	C:\WINDOWS\System32\msvcrt.dll
0x00007ffaa6300000 - 0x00007ffaa632a000 	C:\WINDOWS\System32\GDI32.dll
0x00007ffaa5790000 - 0x00007ffaa589b000 	C:\WINDOWS\System32\gdi32full.dll
0x00007ffaa58d0000 - 0x00007ffaa596d000 	C:\WINDOWS\System32\msvcp_win.dll
0x00007ffaa7540000 - 0x00007ffaa7570000 	C:\WINDOWS\System32\IMM32.DLL
0x00007ffa92e60000 - 0x00007ffa92e6c000 	C:\Users\Mikoláš Pešek\.jdks\openjdk-15.0.1\bin\vcruntime140_1.dll
0x00007ffa64d80000 - 0x00007ffa64e11000 	C:\Users\Mikoláš Pešek\.jdks\openjdk-15.0.1\bin\msvcp140.dll
0x00007ffa1d670000 - 0x00007ffa1e1ce000 	C:\Users\Mikoláš Pešek\.jdks\openjdk-15.0.1\bin\server\jvm.dll
0x00007ffaa6180000 - 0x00007ffaa622c000 	C:\WINDOWS\System32\ADVAPI32.dll
0x00007ffaa6b60000 - 0x00007ffaa6bfb000 	C:\WINDOWS\System32\sechost.dll
0x00007ffaa7570000 - 0x00007ffaa769b000 	C:\WINDOWS\System32\RPCRT4.dll
0x00007ffaa77b0000 - 0x00007ffaa77b8000 	C:\WINDOWS\System32\PSAPI.DLL
0x00007ffa88cb0000 - 0x00007ffa88cb9000 	C:\WINDOWS\SYSTEM32\WSOCK32.dll
0x00007ffa98be0000 - 0x00007ffa98c07000 	C:\WINDOWS\SYSTEM32\WINMM.dll
0x00007ffa9eab0000 - 0x00007ffa9eaba000 	C:\WINDOWS\SYSTEM32\VERSION.dll
0x00007ffaa76a0000 - 0x00007ffaa770b000 	C:\WINDOWS\System32\WS2_32.dll
0x00007ffaa2ec0000 - 0x00007ffaa2ed2000 	C:\WINDOWS\SYSTEM32\kernel.appcore.dll
0x00007ffa92bf0000 - 0x00007ffa92bfa000 	C:\Users\Mikoláš Pešek\.jdks\openjdk-15.0.1\bin\jimage.dll
0x00007ffa945f0000 - 0x00007ffa947d4000 	C:\WINDOWS\SYSTEM32\DBGHELP.DLL
0x00007ffa8b330000 - 0x00007ffa8b35c000 	C:\WINDOWS\SYSTEM32\dbgcore.DLL
0x00007ffaa5080000 - 0x00007ffaa5100000 	C:\WINDOWS\System32\bcryptPrimitives.dll
0x00007ffa6d1a0000 - 0x00007ffa6d1c5000 	C:\Users\Mikoláš Pešek\.jdks\openjdk-15.0.1\bin\java.dll
0x00007ffaa6df0000 - 0x00007ffaa7532000 	C:\WINDOWS\System32\SHELL32.dll
0x00007ffaa31a0000 - 0x00007ffaa3930000 	C:\WINDOWS\SYSTEM32\windows.storage.dll
0x00007ffaa6800000 - 0x00007ffaa6b55000 	C:\WINDOWS\System32\combase.dll
0x00007ffaa4ac0000 - 0x00007ffaa4aec000 	C:\WINDOWS\SYSTEM32\Wldp.dll
0x00007ffaa6230000 - 0x00007ffaa62de000 	C:\WINDOWS\System32\SHCORE.dll
0x00007ffaa59f0000 - 0x00007ffaa5a45000 	C:\WINDOWS\System32\shlwapi.dll
0x00007ffaa4f90000 - 0x00007ffaa4faf000 	C:\WINDOWS\SYSTEM32\profapi.dll
0x00007ffa76fa0000 - 0x00007ffa76fb9000 	C:\Users\Mikoláš Pešek\.jdks\openjdk-15.0.1\bin\net.dll
0x00007ffa93820000 - 0x00007ffa9392b000 	C:\WINDOWS\SYSTEM32\WINHTTP.dll
0x00007ffaa4830000 - 0x00007ffaa489a000 	C:\WINDOWS\system32\mswsock.dll
0x00007ffa72e40000 - 0x00007ffa72e52000 	C:\Users\Mikoláš Pešek\.jdks\openjdk-15.0.1\bin\nio.dll
0x00007ffa71410000 - 0x00007ffa71428000 	C:\Users\Mikoláš Pešek\.jdks\openjdk-15.0.1\bin\zip.dll
0x00007ffa69810000 - 0x00007ffa69871000 	C:\Users\Mikoláš Pešek\AppData\Local\Temp\lwjglMikoláš Pešek\3.2.0-build-12\lwjgl.dll
0x00007ffa697b0000 - 0x00007ffa6980c000 	C:\Users\MIKOLP~1\AppData\Local\Temp\lwjglMikoláš Pešek\3.2.0-build-12\glfw.dll
0x00007ffaa2a00000 - 0x00007ffaa2a9e000 	C:\WINDOWS\system32\uxtheme.dll
0x00007ffa898c0000 - 0x00007ffa89905000 	C:\WINDOWS\SYSTEM32\dinput8.dll
0x00007ffa6d210000 - 0x00007ffa6d221000 	C:\WINDOWS\SYSTEM32\xinput1_4.dll
0x00007ffaa5740000 - 0x00007ffaa578e000 	C:\WINDOWS\System32\cfgmgr32.dll
0x00007ffaa4e00000 - 0x00007ffaa4e2c000 	C:\WINDOWS\SYSTEM32\DEVOBJ.dll
0x00007ffaa2e90000 - 0x00007ffaa2ebf000 	C:\WINDOWS\SYSTEM32\dwmapi.dll
0x00007ffa926c0000 - 0x00007ffa92812000 	C:\WINDOWS\SYSTEM32\inputhost.dll
0x00007ffaa5ea0000 - 0x00007ffaa5f6d000 	C:\WINDOWS\System32\OLEAUT32.dll
0x00007ffaa25f0000 - 0x00007ffaa26e2000 	C:\WINDOWS\SYSTEM32\CoreMessaging.dll
0x00007ffaa1a00000 - 0x00007ffaa1b54000 	C:\WINDOWS\SYSTEM32\wintypes.dll
0x00007ffaa0440000 - 0x00007ffaa0537000 	C:\WINDOWS\SYSTEM32\PROPSYS.dll
0x00007ffaa2290000 - 0x00007ffaa25ee000 	C:\WINDOWS\SYSTEM32\CoreUIComponents.dll
0x00007ffaa3d70000 - 0x00007ffaa3da3000 	C:\WINDOWS\SYSTEM32\ntmarta.dll
0x00007ffaa5bf0000 - 0x00007ffaa5d05000 	C:\WINDOWS\System32\MSCTF.dll
0x00007ffaa3930000 - 0x00007ffaa393d000 	C:\WINDOWS\SYSTEM32\HID.DLL
0x00007ffaa6390000 - 0x00007ffaa67f9000 	C:\WINDOWS\System32\SETUPAPI.DLL
0x00007ffaa5050000 - 0x00007ffaa5077000 	C:\WINDOWS\System32\bcrypt.dll
0x00007ffaa52b0000 - 0x00007ffaa5310000 	C:\WINDOWS\System32\WINTRUST.dll
0x00007ffaa5310000 - 0x00007ffaa546f000 	C:\WINDOWS\System32\CRYPT32.dll
0x00007ffaa4c40000 - 0x00007ffaa4c52000 	C:\WINDOWS\SYSTEM32\MSASN1.dll
0x00007ffa59070000 - 0x00007ffa59196000 	C:\WINDOWS\SYSTEM32\opengl32.dll
0x00007ffa58a30000 - 0x00007ffa58a5c000 	C:\WINDOWS\SYSTEM32\GLU32.dll
0x00007ffaa5df0000 - 0x00007ffaa5e99000 	C:\WINDOWS\System32\clbcatq.dll
0x00007ffa58a00000 - 0x00007ffa58a2b000 	C:\WINDOWS\System32\DriverStore\FileRepository\u0366490.inf_amd64_c0dea8a43cb81731\B366217\atig6pxx.dll
0x00007ffa4ac60000 - 0x00007ffa4da4a000 	C:\WINDOWS\System32\DriverStore\FileRepository\u0366490.inf_amd64_c0dea8a43cb81731\B366217\atio6axx.dll
0x00007ffaa6cc0000 - 0x00007ffaa6dea000 	C:\WINDOWS\System32\ole32.dll
0x00007ffa64b20000 - 0x00007ffa64b44000 	C:\WINDOWS\SYSTEM32\dxva2.dll
0x00007ffa54330000 - 0x00007ffa5436c000 	C:\WINDOWS\System32\DriverStore\FileRepository\u0366490.inf_amd64_c0dea8a43cb81731\B366217\atig6txx.dll
0x00007ffa79cb0000 - 0x00007ffa79e63000 	C:\WINDOWS\SYSTEM32\atiadlxx.dll
0x00007ffa79c50000 - 0x00007ffa79ca4000 	C:\WINDOWS\SYSTEM32\pdh.dll
0x00007ffa99a30000 - 0x00007ffa99a6b000 	C:\WINDOWS\SYSTEM32\dxcore.dll
0x00007ffa92820000 - 0x00007ffa92919000 	C:\WINDOWS\SYSTEM32\textinputframework.dll
0x00007ffa69750000 - 0x00007ffa697a9000 	C:\Users\Mikoláš Pešek\AppData\Local\Temp\lwjglMikoláš Pešek\3.2.0-build-12\lwjgl_opengl.dll
0x00007ffa92630000 - 0x00007ffa92640000 	C:\Users\Mikoláš Pešek\.jdks\openjdk-15.0.1\bin\verify.dll

dbghelp: loaded successfully - version: 4.0.5 - missing functions: none
symbol engine: initialized successfully - sym options: 0x614 - pdb path: .;C:\Users\Mikoláš Pešek\.jdks\openjdk-15.0.1\bin;C:\WINDOWS\SYSTEM32;C:\WINDOWS\WinSxS\amd64_microsoft.windows.common-controls_6595b64144ccf1df_6.0.19041.844_none_ca00b6081b84eb1d;C:\Users\Mikoláš Pešek\.jdks\openjdk-15.0.1\bin\server;C:\Users\Mikoláš Pešek\AppData\Local\Temp\lwjglMikoláš Pešek\3.2.0-build-12;C:\Users\MIKOLP~1\AppData\Local\Temp\lwjglMikoláš Pešek\3.2.0-build-12;C:\WINDOWS\System32\DriverStore\FileRepository\u0366490.inf_amd64_c0dea8a43cb81731\B366217

VM Arguments:
jvm_args: -Dfile.encoding=windows-1250 -Duser.country=CZ -Duser.language=cs -Duser.variant 
java_command: Main
java_class_path (initial): C:\Users\Mikoláš Pešek\IdeaProjects\OpenGLVBO\build\classes\java\main;C:\Users\Mikoláš Pešek\IdeaProjects\OpenGLVBO\build\resources\main;C:\Users\Mikoláš Pešek\.gradle\caches\modules-2\files-2.1\org.lwjgl\lwjgl-assimp\3.2.0\c399181a0725dcc3b3edcc6116da7f724c6ad1c6\lwjgl-assimp-3.2.0.jar;C:\Users\Mikoláš Pešek\.gradle\caches\modules-2\files-2.1\org.lwjgl\lwjgl-assimp\3.2.0\cf6445aa8c3c44cffaa6be15d70f01952b3b1745\lwjgl-assimp-3.2.0-natives-windows.jar;C:\Users\Mikoláš Pešek\.gradle\caches\modules-2\files-2.1\org.lwjgl\lwjgl-glfw\3.2.0\9ff0ed06de0a1d83dd182f2ead48ac4c90865c44\lwjgl-glfw-3.2.0.jar;C:\Users\Mikoláš Pešek\.gradle\caches\modules-2\files-2.1\org.lwjgl\lwjgl-glfw\3.2.0\986cd6b09807ad2d67b5002b6d9dc089e3fc88f8\lwjgl-glfw-3.2.0-natives-windows.jar;C:\Users\Mikoláš Pešek\.gradle\caches\modules-2\files-2.1\org.lwjgl\lwjgl-openal\3.2.0\28174519523e11c2f3227359f242d48edfa76654\lwjgl-openal-3.2.0.jar;C:\Users\Mikoláš Pešek\.gradle\caches\modules-2\files-2.1\org.lwjgl\lwjgl-openal\3.2.0\f6017538443bb894faad58a3ccd0d400c4023a1c\lwjgl-openal-3.2.0-natives-windows.jar;C:\Users\Mikoláš Pešek\.gradle\caches\modules-2\files-2.1\org.lwjgl\lwjgl-opengl\3.2.0\1c64c692473a70af297651d369debc93efa2e49f\lwjgl-opengl-3.2.0.jar;C:\Users\Mikoláš Pešek\.gradle\caches\modules-2\files-2.1\org.lwjgl\lwjgl-opengl\3.2.0\b1f27bce30f8e40b03502a5d86687b30d844ba35\lwjgl-opengl-3.2.0-natives-windows.jar;C:\Users\Mikoláš Pešek\.gradle\caches\modules-2\files-2.1\org.lwjgl\lwjgl-stb\3.2.0\cd60eafae0690e024fab99e9864a2ea8e56d86a8\lwjgl-stb-3.2.0.jar;C:\Users\Mikoláš Pešek\.gradle\caches\modules-2\files-2.1\org.lwjgl\lwjgl-stb\3.2.0\cb5cb95f39fa83de93ce7fee1bb23dd1c7db4da3\lwjgl-stb-3.2.0-natives-windows.jar;C:\Users\Mikoláš Pešek\.gradle\caches\modules-2\files-2.1\org.lwjgl\lwjgl\3.2.0\7723544dc3fc740f0ee59cce9a3a0cecc8681747\lwjgl-3.2.0.jar;C:\Users\Mikoláš Pešek\.gradle\caches\modules-2\files-2.1\org.lwjgl\lwjgl\3.2.0\86c90ce2abe6129bfd5052a8b82f3dc2394c8dd1\lwjgl-
Launcher Type: SUN_STANDARD

[Global flags]
     intx CICompilerCount                          = 4                                         {product} {ergonomic}
     uint ConcGCThreads                            = 3                                         {product} {ergonomic}
     uint G1ConcRefinementThreads                  = 10                                        {product} {ergonomic}
   size_t G1HeapRegionSize                         = 2097152                                   {product} {ergonomic}
    uintx GCDrainStackTargetSize                   = 64                                        {product} {ergonomic}
   size_t InitialHeapSize                          = 268435456                                 {product} {ergonomic}
   size_t MarkStackSize                            = 4194304                                   {product} {ergonomic}
   size_t MaxHeapSize                              = 4273995776                                {product} {ergonomic}
   size_t MaxNewSize                               = 2562719744                                {product} {ergonomic}
   size_t MinHeapDeltaBytes                        = 2097152                                   {product} {ergonomic}
   size_t MinHeapSize                              = 8388608                                   {product} {ergonomic}
    uintx NonNMethodCodeHeapSize                   = 5839372                                {pd product} {ergonomic}
    uintx NonProfiledCodeHeapSize                  = 122909434                              {pd product} {ergonomic}
    uintx ProfiledCodeHeapSize                     = 122909434                              {pd product} {ergonomic}
    uintx ReservedCodeCacheSize                    = 251658240                              {pd product} {ergonomic}
     bool SegmentedCodeCache                       = true                                      {product} {ergonomic}
   size_t SoftMaxHeapSize                          = 4273995776                             {manageable} {ergonomic}
     bool UseCompressedClassPointers               = true                                 {lp64_product} {ergonomic}
     bool UseCompressedOops                        = true                                 {lp64_product} {ergonomic}
     bool UseG1GC                                  = true                                      {product} {ergonomic}
     bool UseLargePagesIndividualAllocation        = false                                  {pd product} {ergonomic}

Logging:
Log output configuration:
 #0: stdout all=warning uptime,level,tags
 #1: stderr all=off uptime,level,tags

Environment Variables:
JAVA_HOME=C:\Users\Mikoláš Pešek\jdk-14.0.2
PATH=C:\Program Files (x86)\Intel\Intel(R) Management Engine Components\iCLS\;C:\Program Files\Intel\Intel(R) Management Engine Components\iCLS\;C:\Program Files (x86)\Common Files\Oracle\Java\javapath;C:\ProgramData\Oracle\Java\javapath;C:\Users\Mikoláš Pešek\jdk-14.0.2\bin;C:\Python39\Scripts\;C:\Python39\;C:\Program Files\NVIDIA GPU Computing Toolkit\CUDA\v10.2\bin;C:\Program Files\NVIDIA GPU Computing Toolkit\CUDA\v10.2\libnvvp;C:\WINDOWS\system32;C:\WINDOWS;C:\WINDOWS\System32\Wbem;C:\WINDOWS\System32\WindowsPowerShell\v1.0\;C:\WINDOWS\System32\OpenSSH\;C:\Program Files\NVIDIA Corporation\NVIDIA NvDLISR;C:\Program Files (x86)\Brackets\command;C:\Program Files\Git\cmd;C:\Program Files\NVIDIA Corporation\Nsight Compute 2019.5.0\;C:\ProgramData\chocolatey\bin;C:\Users\Mikoláš Pešek\apache-maven-3.6.3\bin;C:\Program Files\Inkscape\bin;C:\Program Files\nodejs\;C:\Program Files (x86)\Intel\Intel(R) Management Engine Components\DAL;C:\Program Files\Intel\Intel(R) Management Engine Components\DAL;C:\Program Files (x86)\Intel\Intel(R) Management Engine Components\IPT;C:\Program Files\Intel\Intel(R) Management Engine Components\IPT;C:\Program Files\Intel\WiFi\bin\;C:\Program Files\Common Files\Intel\WirelessCommon\;C:\Program Files (x86)\NVIDIA Corporation\PhysX\Common;C:\Program Files\Intel\Intel(R) Memory and Storage Tool\;C:\Users\Mikoláš Pešek\AppData\Local\Microsoft\WindowsApps;C:\Users\Mikoláš Pešek\AppData\Local\GitHubDesktop\bin;C:\Users\Mikoláš Pešek\apache-maven-3.6.3\bin;C:\Users\Mikoláš Pešek\jdk-14.0.2\bin;C:\Users\Mikoláš Pešek\AppData\Roaming\npm;C:\Program Files\Intel\WiFi\bin\;C:\Program Files\Common Files\Intel\WirelessCommon\
USERNAME=Mikoláš Pešek
OS=Windows_NT
PROCESSOR_IDENTIFIER=Intel64 Family 6 Model 158 Stepping 10, GenuineIntel



---------------  S Y S T E M  ---------------

OS:
 Windows 10 , 64 bit Build 19041 (10.0.19041.928)
OS uptime: 0 days 11:12 hours

CPU: total 12 (initial active 12) (6 cores per cpu, 2 threads per core) family 6 model 158 stepping 10 microcode 0xde, cmov, cx8, fxsr, mmx, sse, sse2, sse3, ssse3, sse4.1, sse4.2, popcnt, vzeroupper, avx, avx2, aes, clmul, erms, rtm, 3dnowpref, lzcnt, ht, tsc, tscinvbit, bmi1, bmi2, adx, fma, clflush, clflushopt

Memory: 4k page, system-wide physical 16301M (9837M free)
TotalPageFile size 25517M (AvailPageFile size 11397M)
current process WorkingSet (physical memory assigned to process): 168M, peak: 170M
current process commit charge ("private bytes"): 434M, peak: 442M

vm_info: OpenJDK 64-Bit Server VM (15.0.1+9-18) for windows-amd64 JRE (15.0.1+9-18), built on Sep 15 2020 14:39:31 by "mach5one" with unknown MS VC++:1925

END.
