#
# A fatal error has been detected by the Java Runtime Environment:
#
#  EXCEPTION_ACCESS_VIOLATION (0xc0000005) at pc=0x00007ffa4b59ebd4, pid=628, tid=18880
#
# JRE version: OpenJDK Runtime Environment (15.0.1+9) (build 15.0.1+9-18)
# Java VM: OpenJDK 64-Bit Server VM (15.0.1+9-18, mixed mode, sharing, tiered, compressed oops, g1 gc, windows-amd64)
# Problematic frame:
# C  [atio6axx.dll+0x93ebd4]
#
# No core dump will be written. Minidumps are not enabled by default on client versions of Windows
#
# If you would like to submit a bug report, please visit:
#   https://bugreport.java.com/bugreport/crash.jsp
# The crash happened outside the Java Virtual Machine in native code.
# See problematic frame for where to report the bug.
#

---------------  S U M M A R Y ------------

Command Line: -Dfile.encoding=windows-1250 -Duser.country=CZ -Duser.language=cs -Duser.variant Main

Host: Intel(R) Core(TM) i7-8700 CPU @ 3.20GHz, 12 cores, 15G,  Windows 10 , 64 bit Build 19041 (10.0.19041.928)
Time: Thu May  6 19:59:30 2021 Støední Evropa (letní èas) elapsed time: 42.784248 seconds (0d 0h 0m 42s)

---------------  T H R E A D  ---------------

Current thread (0x00000207680d5950):  JavaThread "main" [_thread_in_native, id=18880, stack(0x0000008343b00000,0x0000008343c00000)]

Stack: [0x0000008343b00000,0x0000008343c00000],  sp=0x0000008343bfee60,  free space=1019k
Native frames: (J=compiled Java code, j=interpreted, Vv=VM code, C=native code)
C  [atio6axx.dll+0x93ebd4]

Java frames: (J=compiled Java code, j=interpreted, Vv=VM code)
J 860  org.lwjgl.system.JNI.invokeV(J)V (0 bytes) @ 0x0000020777e0e3f1 [0x0000020777e0e3a0+0x0000000000000051]
j  org.lwjgl.glfw.GLFW.glfwTerminate()V+5
j  Main.main([Ljava/lang/String;)V+538
v  ~StubRoutines::call_stub

siginfo: EXCEPTION_ACCESS_VIOLATION (0xc0000005), reading address 0xffffffffffffffff


Register to memory mapping:

RIP=0x00007ffa4b59ebd4 atio6axx.dll
RAX=0x00007ffa4d434718 atio6axx.dll
RBX=0x000111c70000001b is an unknown value
RCX=0x000002071d9129b0 points into unknown readable memory: 0x800110c000000000 | 00 00 00 00 c0 10 01 80
RDX=0x0000020765e70000 points into unknown readable memory: 0x0000000000000000 | 00 00 00 00 00 00 00 00
RSP=0x0000008343bfee60 is pointing into the stack for thread: 0x00000207680d5950
RBP=0x0 is NULL
RSI=0x0000000000000001 is an unknown value
RDI=0x0000020717057fb0 points into unknown readable memory: 0x000002071d9129b0 | b0 29 91 1d 07 02 00 00
R8 =0x0000020765f71140 points into unknown readable memory: 0x0000020765f70cc0 | c0 0c f7 65 07 02 00 00
R9 =0x0000000000000001 is an unknown value
R10=0x0000000000008000 is an unknown value
R11=0x0000008343bfee20 is pointing into the stack for thread: 0x00000207680d5950
R12=0x0 is NULL
R13=0x0 is NULL
R14=0x0 is NULL
R15=0x0 is NULL


Registers:
RAX=0x00007ffa4d434718, RBX=0x000111c70000001b, RCX=0x000002071d9129b0, RDX=0x0000020765e70000
RSP=0x0000008343bfee60, RBP=0x0000000000000000, RSI=0x0000000000000001, RDI=0x0000020717057fb0
R8 =0x0000020765f71140, R9 =0x0000000000000001, R10=0x0000000000008000, R11=0x0000008343bfee20
R12=0x0000000000000000, R13=0x0000000000000000, R14=0x0000000000000000, R15=0x0000000000000000
RIP=0x00007ffa4b59ebd4, EFLAGS=0x0000000000010206

Top of Stack: (sp=0x0000008343bfee60)
0x0000008343bfee60:   0000000000000000 0000000000000000
0x0000008343bfee70:   0000000000000000 00007ffaa79347b1
0x0000008343bfee80:   0000020717057d50 00007ffa4c3f941f
0x0000008343bfee90:   0000020717057d50 0000000000000001
0x0000008343bfeea0:   0000000000000000 00007ffa4c0488b7
0x0000008343bfeeb0:   0000020716dd9b00 00007ffa4c406e92
0x0000008343bfeec0:   0000000000000000 0000020700000000
0x0000008343bfeed0:   000002071675ee70 000002071651dd00
0x0000008343bfeee0:   0000020717057d50 00007ffa4bff6557
0x0000008343bfeef0:   0000020716dd9b00 0000000000000000
0x0000008343bfef00:   000002071651dd00 000002071651dd00
0x0000008343bfef10:   000002071651dd00 00007ffa4c047c0e
0x0000008343bfef20:   00000207166b0920 000002071675ee80
0x0000008343bfef30:   0000020716d2f840 000002071675ee70
0x0000008343bfef40:   000002071651dd00 00007ffa4c0497d0
0x0000008343bfef50:   000002071651dd00 000002071675ee70 

Instructions: (pc=0x00007ffa4b59ebd4)
0x00007ffa4b59ead4:   1f 40 00 66 0f 1f 84 00 00 00 00 00 4c 8b d8 48
0x00007ffa4b59eae4:   8b d8 4c 8b c2 48 3b 08 75 16 48 8b c8 49 89 01
0x00007ffa4b59eaf4:   48 8b 40 08 48 8b d1 4c 8b c1 80 78 19 00 74 dc
0x00007ffa4b59eb04:   48 8b 1c 24 41 80 78 19 00 75 31 49 89 01 49 8b
0x00007ffa4b59eb14:   c2 48 83 c4 08 c3 48 8b 41 10 80 78 19 00 75 19
0x00007ffa4b59eb24:   0f 1f 40 00 0f 1f 84 00 00 00 00 00 48 8b c8 48
0x00007ffa4b59eb34:   8b 40 10 80 78 19 00 74 f3 49 89 09 49 8b c2 48
0x00007ffa4b59eb44:   83 c4 08 c3 cc cc cc cc cc cc cc cc 48 83 ec 28
0x00007ffa4b59eb54:   4c 8b c9 48 8b c2 48 8b 4a 10 80 79 19 00 74 22
0x00007ffa4b59eb64:   4c 8b 42 08 41 80 78 19 00 75 2d 90 49 3b 40 10
0x00007ffa4b59eb74:   75 26 49 8b c0 4d 8b 40 08 41 80 78 19 00 74 ec
0x00007ffa4b59eb84:   eb 16 48 8b 09 80 79 19 00 75 0d 90 48 8b 01 48
0x00007ffa4b59eb94:   8b c8 80 78 19 00 74 f4 49 8b c9 e8 ec f3 7c ff
0x00007ffa4b59eba4:   ba 30 00 00 00 48 8b c8 48 83 c4 28 e9 2f 60 23
0x00007ffa4b59ebb4:   01 cc cc cc cc cc cc cc cc cc cc cc 48 89 5c 24
0x00007ffa4b59ebc4:   08 57 48 83 ec 20 48 8b f9 48 8b 09 48 8b 59 08
0x00007ffa4b59ebd4:   80 7b 19 00 75 2e 66 0f 1f 44 00 00 4c 8b 43 10
0x00007ffa4b59ebe4:   48 8b d7 48 8b cf e8 a1 b7 f3 ff 48 8b cb ba 30
0x00007ffa4b59ebf4:   00 00 00 48 8b 1b e8 e5 5f 23 01 80 7b 19 00 74
0x00007ffa4b59ec04:   db 48 8b 0f ba 30 00 00 00 48 8b 5c 24 30 48 83
0x00007ffa4b59ec14:   c4 20 5f e9 c8 5f 23 01 cc cc cc cc 48 89 5c 24
0x00007ffa4b59ec24:   10 57 48 83 ec 20 48 8b f9 48 8b 4a 08 48 85 c9
0x00007ffa4b59ec34:   74 08 f0 ff 41 08 48 8b 4a 08 48 8b 5f 08 48 8b
0x00007ffa4b59ec44:   02 48 89 07 48 89 4f 08 48 85 db 74 44 48 89 74
0x00007ffa4b59ec54:   24 30 be ff ff ff ff 8b c6 f0 0f c1 43 08 83 f8
0x00007ffa4b59ec64:   01 75 1b 48 8b 03 48 8b cb ff 10 f0 0f c1 73 0c
0x00007ffa4b59ec74:   83 fe 01 75 09 48 8b 03 48 8b cb ff 50 08 48 8b
0x00007ffa4b59ec84:   74 24 30 48 8b c7 48 8b 5c 24 38 48 83 c4 20 5f
0x00007ffa4b59ec94:   c3 48 8b 5c 24 38 48 8b c7 48 83 c4 20 5f c3 cc
0x00007ffa4b59eca4:   cc cc cc cc cc cc cc cc cc cc cc cc 40 53 48 83
0x00007ffa4b59ecb4:   ec 20 48 8b da 4c 8b c1 0f b6 52 10 48 b9 b3 01
0x00007ffa4b59ecc4:   00 00 00 01 00 00 48 b8 25 23 22 84 e4 9c f2 cb 


Stack slot to memory mapping:
stack at sp + 0 slots: 0x0 is NULL
stack at sp + 1 slots: 0x0 is NULL
stack at sp + 2 slots: 0x0 is NULL
stack at sp + 3 slots: 0x00007ffaa79347b1 ntdll.dll
stack at sp + 4 slots: 0x0000020717057d50 points into unknown readable memory: 0x00007ffa4d434718 | 18 47 43 4d fa 7f 00 00
stack at sp + 5 slots: 0x00007ffa4c3f941f atio6axx.dll
stack at sp + 6 slots: 0x0000020717057d50 points into unknown readable memory: 0x00007ffa4d434718 | 18 47 43 4d fa 7f 00 00
stack at sp + 7 slots: 0x0000000000000001 is an unknown value


---------------  P R O C E S S  ---------------

Threads class SMR info:
_java_thread_list=0x0000020716f220f0, length=11, elements={
0x00000207680d5950, 0x000002070bc89510, 0x000002070bc8a880, 0x000002070c4a3670,
0x000002070c4a6040, 0x000002070c4aa2b0, 0x000002070c4b0400, 0x000002070c4b9c40,
0x000002070c4c8510, 0x000002070c5e4f50, 0x000002070c5f3b00
}

Java Threads: ( => current thread )
=>0x00000207680d5950 JavaThread "main" [_thread_in_native, id=18880, stack(0x0000008343b00000,0x0000008343c00000)]
  0x000002070bc89510 JavaThread "Reference Handler" daemon [_thread_blocked, id=12276, stack(0x0000008344200000,0x0000008344300000)]
  0x000002070bc8a880 JavaThread "Finalizer" daemon [_thread_blocked, id=17536, stack(0x0000008344300000,0x0000008344400000)]
  0x000002070c4a3670 JavaThread "Signal Dispatcher" daemon [_thread_blocked, id=9180, stack(0x0000008344400000,0x0000008344500000)]
  0x000002070c4a6040 JavaThread "Attach Listener" daemon [_thread_blocked, id=3156, stack(0x0000008344500000,0x0000008344600000)]
  0x000002070c4aa2b0 JavaThread "Service Thread" daemon [_thread_blocked, id=17624, stack(0x0000008344600000,0x0000008344700000)]
  0x000002070c4b0400 JavaThread "C2 CompilerThread0" daemon [_thread_blocked, id=15428, stack(0x0000008344700000,0x0000008344800000)]
  0x000002070c4b9c40 JavaThread "C1 CompilerThread0" daemon [_thread_blocked, id=14056, stack(0x0000008344800000,0x0000008344900000)]
  0x000002070c4c8510 JavaThread "Sweeper thread" daemon [_thread_blocked, id=10572, stack(0x0000008344900000,0x0000008344a00000)]
  0x000002070c5e4f50 JavaThread "Notification Thread" daemon [_thread_blocked, id=11488, stack(0x0000008344a00000,0x0000008344b00000)]
  0x000002070c5f3b00 JavaThread "Common-Cleaner" daemon [_thread_blocked, id=14108, stack(0x0000008344c00000,0x0000008344d00000)]

Other Threads:
  0x000002070bc824c0 VMThread "VM Thread" [stack: 0x0000008344100000,0x0000008344200000] [id=11744]
  0x000002070c5e61d0 WatcherThread [stack: 0x0000008344b00000,0x0000008344c00000] [id=2264]
  0x0000020768128250 GCTaskThread "GC Thread#0" [stack: 0x0000008343c00000,0x0000008343d00000] [id=6292]
  0x000002070c7818a0 GCTaskThread "GC Thread#1" [stack: 0x0000008345000000,0x0000008345100000] [id=9240]
  0x000002070c780be0 GCTaskThread "GC Thread#2" [stack: 0x0000008345100000,0x0000008345200000] [id=17484]
  0x000002070c780f10 GCTaskThread "GC Thread#3" [stack: 0x0000008345200000,0x0000008345300000] [id=16656]
  0x000002070c781bd0 GCTaskThread "GC Thread#4" [stack: 0x0000008345300000,0x0000008345400000] [id=16748]
  0x000002070c77ff20 GCTaskThread "GC Thread#5" [stack: 0x0000008345400000,0x0000008345500000] [id=13744]
  0x0000020768139260 ConcurrentGCThread "G1 Main Marker" [stack: 0x0000008343d00000,0x0000008343e00000] [id=8736]
  0x000002076813b600 ConcurrentGCThread "G1 Conc#0" [stack: 0x0000008343e00000,0x0000008343f00000] [id=10304]
  0x00000207681ae380 ConcurrentGCThread "G1 Refine#0" [stack: 0x0000008343f00000,0x0000008344000000] [id=6672]
  0x000002070bafc110 ConcurrentGCThread "G1 Young RemSet Sampling" [stack: 0x0000008344000000,0x0000008344100000] [id=20336]

Threads with active compile tasks:

VM state: not at safepoint (normal execution)

VM Mutex/Monitor currently owned by a thread: None

Heap address: 0x0000000701400000, size: 4076 MB, Compressed Oops mode: Zero based, Oop shift amount: 3
CDS archive(s) mapped at: [0x0000000800000000-0x0000000800b50000-0x0000000800b50000), size 11862016, SharedBaseAddress: 0x0000000800000000, ArchiveRelocationMode: 0.
Compressed class space mapped at: 0x0000000800b50000-0x0000000840b50000, size: 1073741824
Narrow klass base: 0x0000000800000000, Narrow klass shift: 3, Narrow klass range: 0x100000000

GC Precious Log:
 CPUs: 12 total, 12 available
 Memory: 16301M
 Large Page Support: Disabled
 NUMA Support: Disabled
 Compressed Oops: Enabled (Zero based)
 Heap Region Size: 2M
 Heap Min Capacity: 8M
 Heap Initial Capacity: 256M
 Heap Max Capacity: 4076M
 Pre-touch: Disabled
 Parallel Workers: 10
 Concurrent Workers: 3
 Concurrent Refinement Workers: 10
 Periodic GC: Disabled

Heap:
 garbage-first heap   total 262144K, used 6239K [0x0000000701400000, 0x0000000800000000)
  region size 2048K, 5 young (10240K), 2 survivors (4096K)
 Metaspace       used 7407K, capacity 9930K, committed 10112K, reserved 1058816K
  class space    used 372K, capacity 608K, committed 640K, reserved 1048576K

Heap Regions: E=young(eden), S=young(survivor), O=old, HS=humongous(starts), HC=humongous(continues), CS=collection set, F=free, OA=open archive, CA=closed archive, TAMS=top-at-mark-start (previous, next)
|   0|0x0000000701400000, 0x0000000701400000, 0x0000000701600000|  0%| F|  |TAMS 0x0000000701400000, 0x0000000701400000| Untracked 
|   1|0x0000000701600000, 0x0000000701600000, 0x0000000701800000|  0%| F|  |TAMS 0x0000000701600000, 0x0000000701600000| Untracked 
|   2|0x0000000701800000, 0x0000000701800000, 0x0000000701a00000|  0%| F|  |TAMS 0x0000000701800000, 0x0000000701800000| Untracked 
|   3|0x0000000701a00000, 0x0000000701a00000, 0x0000000701c00000|  0%| F|  |TAMS 0x0000000701a00000, 0x0000000701a00000| Untracked 
|   4|0x0000000701c00000, 0x0000000701c00000, 0x0000000701e00000|  0%| F|  |TAMS 0x0000000701c00000, 0x0000000701c00000| Untracked 
|   5|0x0000000701e00000, 0x0000000701e00000, 0x0000000702000000|  0%| F|  |TAMS 0x0000000701e00000, 0x0000000701e00000| Untracked 
|   6|0x0000000702000000, 0x0000000702000000, 0x0000000702200000|  0%| F|  |TAMS 0x0000000702000000, 0x0000000702000000| Untracked 
|   7|0x0000000702200000, 0x0000000702200000, 0x0000000702400000|  0%| F|  |TAMS 0x0000000702200000, 0x0000000702200000| Untracked 
|   8|0x0000000702400000, 0x0000000702400000, 0x0000000702600000|  0%| F|  |TAMS 0x0000000702400000, 0x0000000702400000| Untracked 
|   9|0x0000000702600000, 0x0000000702600000, 0x0000000702800000|  0%| F|  |TAMS 0x0000000702600000, 0x0000000702600000| Untracked 
|  10|0x0000000702800000, 0x0000000702800000, 0x0000000702a00000|  0%| F|  |TAMS 0x0000000702800000, 0x0000000702800000| Untracked 
|  11|0x0000000702a00000, 0x0000000702a00000, 0x0000000702c00000|  0%| F|  |TAMS 0x0000000702a00000, 0x0000000702a00000| Untracked 
|  12|0x0000000702c00000, 0x0000000702c00000, 0x0000000702e00000|  0%| F|  |TAMS 0x0000000702c00000, 0x0000000702c00000| Untracked 
|  13|0x0000000702e00000, 0x0000000702e00000, 0x0000000703000000|  0%| F|  |TAMS 0x0000000702e00000, 0x0000000702e00000| Untracked 
|  14|0x0000000703000000, 0x0000000703000000, 0x0000000703200000|  0%| F|  |TAMS 0x0000000703000000, 0x0000000703000000| Untracked 
|  15|0x0000000703200000, 0x0000000703200000, 0x0000000703400000|  0%| F|  |TAMS 0x0000000703200000, 0x0000000703200000| Untracked 
|  16|0x0000000703400000, 0x0000000703400000, 0x0000000703600000|  0%| F|  |TAMS 0x0000000703400000, 0x0000000703400000| Untracked 
|  17|0x0000000703600000, 0x0000000703600000, 0x0000000703800000|  0%| F|  |TAMS 0x0000000703600000, 0x0000000703600000| Untracked 
|  18|0x0000000703800000, 0x0000000703800000, 0x0000000703a00000|  0%| F|  |TAMS 0x0000000703800000, 0x0000000703800000| Untracked 
|  19|0x0000000703a00000, 0x0000000703a00000, 0x0000000703c00000|  0%| F|  |TAMS 0x0000000703a00000, 0x0000000703a00000| Untracked 
|  20|0x0000000703c00000, 0x0000000703c00000, 0x0000000703e00000|  0%| F|  |TAMS 0x0000000703c00000, 0x0000000703c00000| Untracked 
|  21|0x0000000703e00000, 0x0000000703e00000, 0x0000000704000000|  0%| F|  |TAMS 0x0000000703e00000, 0x0000000703e00000| Untracked 
|  22|0x0000000704000000, 0x0000000704000000, 0x0000000704200000|  0%| F|  |TAMS 0x0000000704000000, 0x0000000704000000| Untracked 
|  23|0x0000000704200000, 0x0000000704200000, 0x0000000704400000|  0%| F|  |TAMS 0x0000000704200000, 0x0000000704200000| Untracked 
|  24|0x0000000704400000, 0x0000000704400000, 0x0000000704600000|  0%| F|  |TAMS 0x0000000704400000, 0x0000000704400000| Untracked 
|  25|0x0000000704600000, 0x0000000704600000, 0x0000000704800000|  0%| F|  |TAMS 0x0000000704600000, 0x0000000704600000| Untracked 
|  26|0x0000000704800000, 0x0000000704800000, 0x0000000704a00000|  0%| F|  |TAMS 0x0000000704800000, 0x0000000704800000| Untracked 
|  27|0x0000000704a00000, 0x0000000704a00000, 0x0000000704c00000|  0%| F|  |TAMS 0x0000000704a00000, 0x0000000704a00000| Untracked 
|  28|0x0000000704c00000, 0x0000000704c00000, 0x0000000704e00000|  0%| F|  |TAMS 0x0000000704c00000, 0x0000000704c00000| Untracked 
|  29|0x0000000704e00000, 0x0000000704e00000, 0x0000000705000000|  0%| F|  |TAMS 0x0000000704e00000, 0x0000000704e00000| Untracked 
|  30|0x0000000705000000, 0x0000000705000000, 0x0000000705200000|  0%| F|  |TAMS 0x0000000705000000, 0x0000000705000000| Untracked 
|  31|0x0000000705200000, 0x0000000705200000, 0x0000000705400000|  0%| F|  |TAMS 0x0000000705200000, 0x0000000705200000| Untracked 
|  32|0x0000000705400000, 0x0000000705400000, 0x0000000705600000|  0%| F|  |TAMS 0x0000000705400000, 0x0000000705400000| Untracked 
|  33|0x0000000705600000, 0x0000000705600000, 0x0000000705800000|  0%| F|  |TAMS 0x0000000705600000, 0x0000000705600000| Untracked 
|  34|0x0000000705800000, 0x0000000705800000, 0x0000000705a00000|  0%| F|  |TAMS 0x0000000705800000, 0x0000000705800000| Untracked 
|  35|0x0000000705a00000, 0x0000000705a00000, 0x0000000705c00000|  0%| F|  |TAMS 0x0000000705a00000, 0x0000000705a00000| Untracked 
|  36|0x0000000705c00000, 0x0000000705c00000, 0x0000000705e00000|  0%| F|  |TAMS 0x0000000705c00000, 0x0000000705c00000| Untracked 
|  37|0x0000000705e00000, 0x0000000705e00000, 0x0000000706000000|  0%| F|  |TAMS 0x0000000705e00000, 0x0000000705e00000| Untracked 
|  38|0x0000000706000000, 0x0000000706000000, 0x0000000706200000|  0%| F|  |TAMS 0x0000000706000000, 0x0000000706000000| Untracked 
|  39|0x0000000706200000, 0x0000000706200000, 0x0000000706400000|  0%| F|  |TAMS 0x0000000706200000, 0x0000000706200000| Untracked 
|  40|0x0000000706400000, 0x0000000706400000, 0x0000000706600000|  0%| F|  |TAMS 0x0000000706400000, 0x0000000706400000| Untracked 
|  41|0x0000000706600000, 0x0000000706600000, 0x0000000706800000|  0%| F|  |TAMS 0x0000000706600000, 0x0000000706600000| Untracked 
|  42|0x0000000706800000, 0x0000000706800000, 0x0000000706a00000|  0%| F|  |TAMS 0x0000000706800000, 0x0000000706800000| Untracked 
|  43|0x0000000706a00000, 0x0000000706a00000, 0x0000000706c00000|  0%| F|  |TAMS 0x0000000706a00000, 0x0000000706a00000| Untracked 
|  44|0x0000000706c00000, 0x0000000706c00000, 0x0000000706e00000|  0%| F|  |TAMS 0x0000000706c00000, 0x0000000706c00000| Untracked 
|  45|0x0000000706e00000, 0x0000000706e00000, 0x0000000707000000|  0%| F|  |TAMS 0x0000000706e00000, 0x0000000706e00000| Untracked 
|  46|0x0000000707000000, 0x0000000707000000, 0x0000000707200000|  0%| F|  |TAMS 0x0000000707000000, 0x0000000707000000| Untracked 
|  47|0x0000000707200000, 0x0000000707200000, 0x0000000707400000|  0%| F|  |TAMS 0x0000000707200000, 0x0000000707200000| Untracked 
|  48|0x0000000707400000, 0x0000000707400000, 0x0000000707600000|  0%| F|  |TAMS 0x0000000707400000, 0x0000000707400000| Untracked 
|  49|0x0000000707600000, 0x0000000707600000, 0x0000000707800000|  0%| F|  |TAMS 0x0000000707600000, 0x0000000707600000| Untracked 
|  50|0x0000000707800000, 0x0000000707800000, 0x0000000707a00000|  0%| F|  |TAMS 0x0000000707800000, 0x0000000707800000| Untracked 
|  51|0x0000000707a00000, 0x0000000707a00000, 0x0000000707c00000|  0%| F|  |TAMS 0x0000000707a00000, 0x0000000707a00000| Untracked 
|  52|0x0000000707c00000, 0x0000000707c00000, 0x0000000707e00000|  0%| F|  |TAMS 0x0000000707c00000, 0x0000000707c00000| Untracked 
|  53|0x0000000707e00000, 0x0000000707e00000, 0x0000000708000000|  0%| F|  |TAMS 0x0000000707e00000, 0x0000000707e00000| Untracked 
|  54|0x0000000708000000, 0x0000000708000000, 0x0000000708200000|  0%| F|  |TAMS 0x0000000708000000, 0x0000000708000000| Untracked 
|  55|0x0000000708200000, 0x0000000708200000, 0x0000000708400000|  0%| F|  |TAMS 0x0000000708200000, 0x0000000708200000| Untracked 
|  56|0x0000000708400000, 0x0000000708400000, 0x0000000708600000|  0%| F|  |TAMS 0x0000000708400000, 0x0000000708400000| Untracked 
|  57|0x0000000708600000, 0x0000000708600000, 0x0000000708800000|  0%| F|  |TAMS 0x0000000708600000, 0x0000000708600000| Untracked 
|  58|0x0000000708800000, 0x0000000708800000, 0x0000000708a00000|  0%| F|  |TAMS 0x0000000708800000, 0x0000000708800000| Untracked 
|  59|0x0000000708a00000, 0x0000000708a00000, 0x0000000708c00000|  0%| F|  |TAMS 0x0000000708a00000, 0x0000000708a00000| Untracked 
|  60|0x0000000708c00000, 0x0000000708c00000, 0x0000000708e00000|  0%| F|  |TAMS 0x0000000708c00000, 0x0000000708c00000| Untracked 
|  61|0x0000000708e00000, 0x0000000708e00000, 0x0000000709000000|  0%| F|  |TAMS 0x0000000708e00000, 0x0000000708e00000| Untracked 
|  62|0x0000000709000000, 0x0000000709000000, 0x0000000709200000|  0%| F|  |TAMS 0x0000000709000000, 0x0000000709000000| Untracked 
|  63|0x0000000709200000, 0x0000000709200000, 0x0000000709400000|  0%| F|  |TAMS 0x0000000709200000, 0x0000000709200000| Untracked 
|  64|0x0000000709400000, 0x0000000709400000, 0x0000000709600000|  0%| F|  |TAMS 0x0000000709400000, 0x0000000709400000| Untracked 
|  65|0x0000000709600000, 0x0000000709600000, 0x0000000709800000|  0%| F|  |TAMS 0x0000000709600000, 0x0000000709600000| Untracked 
|  66|0x0000000709800000, 0x0000000709800000, 0x0000000709a00000|  0%| F|  |TAMS 0x0000000709800000, 0x0000000709800000| Untracked 
|  67|0x0000000709a00000, 0x0000000709a00000, 0x0000000709c00000|  0%| F|  |TAMS 0x0000000709a00000, 0x0000000709a00000| Untracked 
|  68|0x0000000709c00000, 0x0000000709c00000, 0x0000000709e00000|  0%| F|  |TAMS 0x0000000709c00000, 0x0000000709c00000| Untracked 
|  69|0x0000000709e00000, 0x0000000709e00000, 0x000000070a000000|  0%| F|  |TAMS 0x0000000709e00000, 0x0000000709e00000| Untracked 
|  70|0x000000070a000000, 0x000000070a000000, 0x000000070a200000|  0%| F|  |TAMS 0x000000070a000000, 0x000000070a000000| Untracked 
|  71|0x000000070a200000, 0x000000070a200000, 0x000000070a400000|  0%| F|  |TAMS 0x000000070a200000, 0x000000070a200000| Untracked 
|  72|0x000000070a400000, 0x000000070a400000, 0x000000070a600000|  0%| F|  |TAMS 0x000000070a400000, 0x000000070a400000| Untracked 
|  73|0x000000070a600000, 0x000000070a600000, 0x000000070a800000|  0%| F|  |TAMS 0x000000070a600000, 0x000000070a600000| Untracked 
|  74|0x000000070a800000, 0x000000070a800000, 0x000000070aa00000|  0%| F|  |TAMS 0x000000070a800000, 0x000000070a800000| Untracked 
|  75|0x000000070aa00000, 0x000000070aa00000, 0x000000070ac00000|  0%| F|  |TAMS 0x000000070aa00000, 0x000000070aa00000| Untracked 
|  76|0x000000070ac00000, 0x000000070ac00000, 0x000000070ae00000|  0%| F|  |TAMS 0x000000070ac00000, 0x000000070ac00000| Untracked 
|  77|0x000000070ae00000, 0x000000070ae00000, 0x000000070b000000|  0%| F|  |TAMS 0x000000070ae00000, 0x000000070ae00000| Untracked 
|  78|0x000000070b000000, 0x000000070b000000, 0x000000070b200000|  0%| F|  |TAMS 0x000000070b000000, 0x000000070b000000| Untracked 
|  79|0x000000070b200000, 0x000000070b200000, 0x000000070b400000|  0%| F|  |TAMS 0x000000070b200000, 0x000000070b200000| Untracked 
|  80|0x000000070b400000, 0x000000070b400000, 0x000000070b600000|  0%| F|  |TAMS 0x000000070b400000, 0x000000070b400000| Untracked 
|  81|0x000000070b600000, 0x000000070b600000, 0x000000070b800000|  0%| F|  |TAMS 0x000000070b600000, 0x000000070b600000| Untracked 
|  82|0x000000070b800000, 0x000000070b800000, 0x000000070ba00000|  0%| F|  |TAMS 0x000000070b800000, 0x000000070b800000| Untracked 
|  83|0x000000070ba00000, 0x000000070ba00000, 0x000000070bc00000|  0%| F|  |TAMS 0x000000070ba00000, 0x000000070ba00000| Untracked 
|  84|0x000000070bc00000, 0x000000070bc00000, 0x000000070be00000|  0%| F|  |TAMS 0x000000070bc00000, 0x000000070bc00000| Untracked 
|  85|0x000000070be00000, 0x000000070be00000, 0x000000070c000000|  0%| F|  |TAMS 0x000000070be00000, 0x000000070be00000| Untracked 
|  86|0x000000070c000000, 0x000000070c000000, 0x000000070c200000|  0%| F|  |TAMS 0x000000070c000000, 0x000000070c000000| Untracked 
|  87|0x000000070c200000, 0x000000070c200000, 0x000000070c400000|  0%| F|  |TAMS 0x000000070c200000, 0x000000070c200000| Untracked 
|  88|0x000000070c400000, 0x000000070c400000, 0x000000070c600000|  0%| F|  |TAMS 0x000000070c400000, 0x000000070c400000| Untracked 
|  89|0x000000070c600000, 0x000000070c600000, 0x000000070c800000|  0%| F|  |TAMS 0x000000070c600000, 0x000000070c600000| Untracked 
|  90|0x000000070c800000, 0x000000070c800000, 0x000000070ca00000|  0%| F|  |TAMS 0x000000070c800000, 0x000000070c800000| Untracked 
|  91|0x000000070ca00000, 0x000000070ca00000, 0x000000070cc00000|  0%| F|  |TAMS 0x000000070ca00000, 0x000000070ca00000| Untracked 
|  92|0x000000070cc00000, 0x000000070cc00000, 0x000000070ce00000|  0%| F|  |TAMS 0x000000070cc00000, 0x000000070cc00000| Untracked 
|  93|0x000000070ce00000, 0x000000070ce00000, 0x000000070d000000|  0%| F|  |TAMS 0x000000070ce00000, 0x000000070ce00000| Untracked 
|  94|0x000000070d000000, 0x000000070d000000, 0x000000070d200000|  0%| F|  |TAMS 0x000000070d000000, 0x000000070d000000| Untracked 
|  95|0x000000070d200000, 0x000000070d200000, 0x000000070d400000|  0%| F|  |TAMS 0x000000070d200000, 0x000000070d200000| Untracked 
|  96|0x000000070d400000, 0x000000070d400000, 0x000000070d600000|  0%| F|  |TAMS 0x000000070d400000, 0x000000070d400000| Untracked 
|  97|0x000000070d600000, 0x000000070d600000, 0x000000070d800000|  0%| F|  |TAMS 0x000000070d600000, 0x000000070d600000| Untracked 
|  98|0x000000070d800000, 0x000000070d800000, 0x000000070da00000|  0%| F|  |TAMS 0x000000070d800000, 0x000000070d800000| Untracked 
|  99|0x000000070da00000, 0x000000070da00000, 0x000000070dc00000|  0%| F|  |TAMS 0x000000070da00000, 0x000000070da00000| Untracked 
| 100|0x000000070dc00000, 0x000000070dc00000, 0x000000070de00000|  0%| F|  |TAMS 0x000000070dc00000, 0x000000070dc00000| Untracked 
| 101|0x000000070de00000, 0x000000070de00000, 0x000000070e000000|  0%| F|  |TAMS 0x000000070de00000, 0x000000070de00000| Untracked 
| 102|0x000000070e000000, 0x000000070e000000, 0x000000070e200000|  0%| F|  |TAMS 0x000000070e000000, 0x000000070e000000| Untracked 
| 103|0x000000070e200000, 0x000000070e200000, 0x000000070e400000|  0%| F|  |TAMS 0x000000070e200000, 0x000000070e200000| Untracked 
| 104|0x000000070e400000, 0x000000070e400000, 0x000000070e600000|  0%| F|  |TAMS 0x000000070e400000, 0x000000070e400000| Untracked 
| 105|0x000000070e600000, 0x000000070e600000, 0x000000070e800000|  0%| F|  |TAMS 0x000000070e600000, 0x000000070e600000| Untracked 
| 106|0x000000070e800000, 0x000000070e800000, 0x000000070ea00000|  0%| F|  |TAMS 0x000000070e800000, 0x000000070e800000| Untracked 
| 107|0x000000070ea00000, 0x000000070ea00000, 0x000000070ec00000|  0%| F|  |TAMS 0x000000070ea00000, 0x000000070ea00000| Untracked 
| 108|0x000000070ec00000, 0x000000070ec00000, 0x000000070ee00000|  0%| F|  |TAMS 0x000000070ec00000, 0x000000070ec00000| Untracked 
| 109|0x000000070ee00000, 0x000000070ee00000, 0x000000070f000000|  0%| F|  |TAMS 0x000000070ee00000, 0x000000070ee00000| Untracked 
| 110|0x000000070f000000, 0x000000070f000000, 0x000000070f200000|  0%| F|  |TAMS 0x000000070f000000, 0x000000070f000000| Untracked 
| 111|0x000000070f200000, 0x000000070f200000, 0x000000070f400000|  0%| F|  |TAMS 0x000000070f200000, 0x000000070f200000| Untracked 
| 112|0x000000070f400000, 0x000000070f400000, 0x000000070f600000|  0%| F|  |TAMS 0x000000070f400000, 0x000000070f400000| Untracked 
| 113|0x000000070f600000, 0x000000070f600000, 0x000000070f800000|  0%| F|  |TAMS 0x000000070f600000, 0x000000070f600000| Untracked 
| 114|0x000000070f800000, 0x000000070f800000, 0x000000070fa00000|  0%| F|  |TAMS 0x000000070f800000, 0x000000070f800000| Untracked 
| 115|0x000000070fa00000, 0x000000070fa17ea8, 0x000000070fc00000|  4%| S|CS|TAMS 0x000000070fa00000, 0x000000070fa00000| Complete 
| 116|0x000000070fc00000, 0x000000070fe00000, 0x000000070fe00000|100%| S|CS|TAMS 0x000000070fc00000, 0x000000070fc00000| Complete 
| 117|0x000000070fe00000, 0x000000070fe00000, 0x0000000710000000|  0%| F|  |TAMS 0x000000070fe00000, 0x000000070fe00000| Untracked 
| 118|0x0000000710000000, 0x0000000710000000, 0x0000000710200000|  0%| F|  |TAMS 0x0000000710000000, 0x0000000710000000| Untracked 
| 119|0x0000000710200000, 0x0000000710200000, 0x0000000710400000|  0%| F|  |TAMS 0x0000000710200000, 0x0000000710200000| Untracked 
| 120|0x0000000710400000, 0x0000000710400000, 0x0000000710600000|  0%| F|  |TAMS 0x0000000710400000, 0x0000000710400000| Untracked 
| 121|0x0000000710600000, 0x0000000710600000, 0x0000000710800000|  0%| F|  |TAMS 0x0000000710600000, 0x0000000710600000| Untracked 
| 122|0x0000000710800000, 0x0000000710800000, 0x0000000710a00000|  0%| F|  |TAMS 0x0000000710800000, 0x0000000710800000| Untracked 
| 123|0x0000000710a00000, 0x0000000710a00000, 0x0000000710c00000|  0%| F|  |TAMS 0x0000000710a00000, 0x0000000710a00000| Untracked 
| 124|0x0000000710c00000, 0x0000000710c00000, 0x0000000710e00000|  0%| F|  |TAMS 0x0000000710c00000, 0x0000000710c00000| Untracked 
| 125|0x0000000710e00000, 0x0000000710f58850, 0x0000000711000000| 67%| E|  |TAMS 0x0000000710e00000, 0x0000000710e00000| Complete 
| 126|0x0000000711000000, 0x0000000711200000, 0x0000000711200000|100%| E|CS|TAMS 0x0000000711000000, 0x0000000711000000| Complete 
| 127|0x0000000711200000, 0x0000000711400000, 0x0000000711400000|100%| E|CS|TAMS 0x0000000711200000, 0x0000000711200000| Complete 

Card table byte_map: [0x0000020700800000,0x0000020701000000] _byte_map_base: 0x00000206fcff6000

Marking Bits (Prev, Next): (CMBitMap*) 0x0000020768128a40, (CMBitMap*) 0x0000020768128a80
 Prev Bits: [0x0000020701800000, 0x00000207057b0000)
 Next Bits: [0x00000207057b0000, 0x0000020709760000)

Polling page: 0x0000020766060000

Metaspace:

Usage:
  Non-class:      9.10 MB capacity,     6.87 MB ( 75%) used,     2.23 MB ( 24%) free+waste,     8.00 KB ( <1%) overhead. 
      Class:    608.00 KB capacity,   372.35 KB ( 61%) used,   233.52 KB ( 38%) free+waste,     2.12 KB ( <1%) overhead. 
       Both:      9.70 MB capacity,     7.23 MB ( 75%) used,     2.45 MB ( 25%) free+waste,    10.12 KB ( <1%) overhead. 

Virtual space:
  Non-class space:       10.00 MB reserved,       9.25 MB ( 92%) committed 
      Class space:        1.00 GB reserved,     640.00 KB ( <1%) committed 
             Both:        1.01 GB reserved,       9.88 MB ( <1%) committed 

Chunk freelists:
   Non-Class:  86.00 KB
       Class:  0 bytes
        Both:  86.00 KB

MaxMetaspaceSize: 17179869184.00 GB
CompressedClassSpaceSize: 1.00 GB

CodeHeap 'non-profiled nmethods': size=120000Kb used=266Kb max_used=266Kb free=119733Kb
 bounds [0x0000020777dd0000, 0x0000020778040000, 0x000002077f300000]
CodeHeap 'profiled nmethods': size=120000Kb used=1498Kb max_used=1498Kb free=118501Kb
 bounds [0x00000207708a0000, 0x0000020770b10000, 0x0000020777dd0000]
CodeHeap 'non-nmethods': size=5760Kb used=1593Kb max_used=1607Kb free=4166Kb
 bounds [0x0000020770300000, 0x0000020770570000, 0x00000207708a0000]
 total_blobs=1861 nmethods=878 adapters=896
 compilation: enabled
              stopped_count=0, restarted_count=0
 full_count=0

Compilation events (20 events):
Event: 1.917 Thread 0x000002070c4b0400  869       4       org.lwjgl.system.MemoryUtil::address (10 bytes)
Event: 1.917 Thread 0x000002070c4b0400 nmethod 869 0x0000020777e0f910 code [0x0000020777e0fa80, 0x0000020777e0fad8]
Event: 1.930 Thread 0x000002070c4b0400  870       4       org.joml.MemUtil$MemUtilUnsafe::put (40 bytes)
Event: 1.931 Thread 0x000002070c4b0400 nmethod 870 0x0000020777e0fc10 code [0x0000020777e0fd80, 0x0000020777e0fe58]
Event: 1.931 Thread 0x000002070c4b0400  871       4       org.lwjgl.glfw.GLFW::glfwWindowShouldClose (29 bytes)
Event: 1.931 Thread 0x000002070c4b0400 nmethod 871 0x0000020777e0ff10 code [0x0000020777e100a0, 0x0000020777e10148]
Event: 2.114 Thread 0x000002070c4b0400  872       4       Player::render (37 bytes)
Event: 2.116 Thread 0x000002070c4b0400 nmethod 872 0x0000020777e10290 code [0x0000020777e10440, 0x0000020777e105e8]
Event: 2.116 Thread 0x000002070c4b0400  874       4       Player::update (93 bytes)
Event: 2.117 Thread 0x000002070c4b0400 nmethod 874 0x0000020777e10810 code [0x0000020777e109c0, 0x0000020777e10b70]
Event: 2.117 Thread 0x000002070c4b0400  873       4       org.lwjgl.opengl.GL20C::glUniformMatrix4fv (16 bytes)
Event: 2.118 Thread 0x000002070c4b0400 nmethod 873 0x0000020777e10d90 code [0x0000020777e10f20, 0x0000020777e10fa8]
Event: 2.118 Thread 0x000002070c4b0400  875       4       org.lwjgl.glfw.GLFW::glfwSwapBuffers (21 bytes)
Event: 2.118 Thread 0x000002070c4b0400 nmethod 875 0x0000020777e11090 code [0x0000020777e11220, 0x0000020777e112c8]
Event: 2.264 Thread 0x000002070c4b9c40  876 %     3       Main::main @ 425 (542 bytes)
Event: 2.266 Thread 0x000002070c4b9c40 nmethod 876% 0x0000020770a0ec10 code [0x0000020770a0f580, 0x0000020770a14b08]
Event: 2.277 Thread 0x000002070c4b0400  877       4       java.util.ArrayList::iterator (9 bytes)
Event: 2.277 Thread 0x000002070c4b0400 nmethod 877 0x0000020777e11390 code [0x0000020777e11520, 0x0000020777e115f8]
Event: 2.365 Thread 0x000002070c4b0400  878 %     4       Main::main @ 485 (542 bytes)
Event: 2.373 Thread 0x000002070c4b0400 nmethod 878% 0x0000020777e11690 code [0x0000020777e11940, 0x0000020777e12168]

GC Heap History (2 events):
Event: 23.624 GC heap before
{Heap before GC invocations=0 (full 0):
 garbage-first heap   total 262144K, used 22528K [0x0000000701400000, 0x0000000800000000)
  region size 2048K, 11 young (22528K), 0 survivors (0K)
 Metaspace       used 7406K, capacity 9930K, committed 10112K, reserved 1058816K
  class space    used 372K, capacity 608K, committed 640K, reserved 1048576K
}
Event: 23.626 GC heap after
{Heap after GC invocations=1 (full 0):
 garbage-first heap   total 262144K, used 2143K [0x0000000701400000, 0x0000000800000000)
  region size 2048K, 2 young (4096K), 2 survivors (4096K)
 Metaspace       used 7406K, capacity 9930K, committed 10112K, reserved 1058816K
  class space    used 372K, capacity 608K, committed 640K, reserved 1048576K
}

Deoptimization events (20 events):
Event: 0.698 Thread 0x00000207680d5950 DEOPT PACKING pc=0x0000020777dfdca8 sp=0x0000008343bfd7d0
Event: 0.698 Thread 0x00000207680d5950 DEOPT UNPACKING pc=0x000002077034e42f sp=0x0000008343bfd628 mode 2
Event: 1.913 Thread 0x00000207680d5950 DEOPT PACKING pc=0x0000020770a04b2d sp=0x0000008343bff2e0
Event: 1.913 Thread 0x00000207680d5950 DEOPT UNPACKING pc=0x000002077034e23f sp=0x0000008343bfe8d8 mode 0
Event: 2.024 Thread 0x00000207680d5950 DEOPT PACKING pc=0x0000020770a04b2d sp=0x0000008343bff2e0
Event: 2.024 Thread 0x00000207680d5950 DEOPT UNPACKING pc=0x000002077034e23f sp=0x0000008343bfe8d8 mode 0
Event: 2.137 Thread 0x00000207680d5950 DEOPT PACKING pc=0x0000020770a04b2d sp=0x0000008343bff2e0
Event: 2.137 Thread 0x00000207680d5950 DEOPT UNPACKING pc=0x000002077034e23f sp=0x0000008343bfe8d8 mode 0
Event: 2.250 Thread 0x00000207680d5950 DEOPT PACKING pc=0x0000020770a04b2d sp=0x0000008343bff2e0
Event: 2.250 Thread 0x00000207680d5950 DEOPT UNPACKING pc=0x000002077034e23f sp=0x0000008343bfe8d8 mode 0
Event: 2.365 Thread 0x00000207680d5950 DEOPT PACKING pc=0x0000020770a04b2d sp=0x0000008343bff2e0
Event: 2.365 Thread 0x00000207680d5950 DEOPT UNPACKING pc=0x000002077034e23f sp=0x0000008343bfe8d8 mode 0
Event: 42.770 Thread 0x00000207680d5950 Uncommon trap: trap_request=0xffffff45 fr.pc=0x0000020777e11ef4 relative=0x00000000000005b4
Event: 42.770 Thread 0x00000207680d5950 Uncommon trap: reason=unstable_if action=reinterpret pc=0x0000020777e11ef4 method=Main.main([Ljava/lang/String;)V @ 446 c2
Event: 42.770 Thread 0x00000207680d5950 DEOPT PACKING pc=0x0000020777e11ef4 sp=0x0000008343bff440
Event: 42.770 Thread 0x00000207680d5950 DEOPT UNPACKING pc=0x000002077034e42f sp=0x0000008343bff3d8 mode 2
Event: 42.770 Thread 0x00000207680d5950 Uncommon trap: trap_request=0xffffff45 fr.pc=0x0000020777e10110 relative=0x0000000000000070
Event: 42.770 Thread 0x00000207680d5950 Uncommon trap: reason=unstable_if action=reinterpret pc=0x0000020777e10110 method=org.lwjgl.glfw.GLFW.glfwWindowShouldClose(J)Z @ 20 c2
Event: 42.770 Thread 0x00000207680d5950 DEOPT PACKING pc=0x0000020777e10110 sp=0x0000008343bff3d0
Event: 42.770 Thread 0x00000207680d5950 DEOPT UNPACKING pc=0x000002077034e42f sp=0x0000008343bff360 mode 2

Classes unloaded (0 events):
No events

Classes redefined (0 events):
No events

Internal exceptions (12 events):
Event: 0.127 Thread 0x00000207680d5950 Exception <a 'java/lang/NoSuchMethodError'{0x00000007110af198}: 'void java.lang.invoke.DirectMethodHandle$Holder.invokeStatic(java.lang.Object, java.lang.Object)'> (0x00000007110af198) 
thrown [./open/src/hotspot/share/interpreter/linkResolver.cpp, line 782]
Event: 0.127 Thread 0x00000207680d5950 Exception <a 'java/lang/NoSuchMethodError'{0x00000007110b4c90}: 'void java.lang.invoke.DirectMethodHandle$Holder.invokeSpecial(java.lang.Object, java.lang.Object, java.lang.Object)'> (0x00000007110b4c90) 
thrown [./open/src/hotspot/share/interpreter/linkResolver.cpp, line 782]
Event: 0.130 Thread 0x00000207680d5950 Exception <a 'java/lang/NoSuchMethodError'{0x00000007110c9900}: 'java.lang.Object java.lang.invoke.DirectMethodHandle$Holder.invokeStatic(java.lang.Object, java.lang.Object, int)'> (0x00000007110c9900) 
thrown [./open/src/hotspot/share/interpreter/linkResolver.cpp, line 782]
Event: 0.130 Thread 0x00000207680d5950 Exception <a 'java/lang/NoSuchMethodError'{0x00000007110d5a48}: 'void java.lang.invoke.DelegatingMethodHandle$Holder.delegate(java.lang.Object, java.lang.Object, int, java.lang.Object)'> (0x00000007110d5a48) 
thrown [./open/src/hotspot/share/interpreter/linkResolver.cpp, line 782]
Event: 0.131 Thread 0x00000207680d5950 Exception <a 'java/lang/NoSuchMethodError'{0x00000007110d9d90}: 'int java.lang.invoke.DirectMethodHandle$Holder.invokeSpecial(java.lang.Object, java.lang.Object, java.lang.Object)'> (0x00000007110d9d90) 
thrown [./open/src/hotspot/share/interpreter/linkResolver.cpp, line 782]
Event: 0.138 Thread 0x00000207680d5950 Exception <a 'java/lang/NoSuchMethodError'{0x000000071110b138}: 'java.lang.Object java.lang.invoke.DirectMethodHandle$Holder.invokeStatic(java.lang.Object)'> (0x000000071110b138) 
thrown [./open/src/hotspot/share/interpreter/linkResolver.cpp, line 782]
Event: 0.138 Thread 0x00000207680d5950 Exception <a 'java/lang/NoSuchMethodError'{0x000000071110ea50}: 'java.lang.Object java.lang.invoke.DirectMethodHandle$Holder.invokeStaticInit(java.lang.Object)'> (0x000000071110ea50) 
thrown [./open/src/hotspot/share/interpreter/linkResolver.cpp, line 782]
Event: 0.139 Thread 0x00000207680d5950 Exception <a 'java/lang/NoSuchMethodError'{0x0000000711115080}: 'java.lang.Object java.lang.invoke.Invokers$Holder.invoke_MT(java.lang.Object, java.lang.Object, java.lang.Object)'> (0x0000000711115080) 
thrown [./open/src/hotspot/share/interpreter/linkResolver.cpp, line 782]
Event: 0.213 Thread 0x00000207680d5950 Exception <a 'java/lang/NoSuchMethodError'{0x00000007111f99b8}: 'void java.lang.invoke.DirectMethodHandle$Holder.invokeStaticInit(java.lang.Object, java.lang.Object)'> (0x00000007111f99b8) 
thrown [./open/src/hotspot/share/interpreter/linkResolver.cpp, line 782]
Event: 0.574 Thread 0x00000207680d5950 Exception <a 'sun/nio/fs/WindowsException'{0x0000000710f45208}> (0x0000000710f45208) 
thrown [./open/src/hotspot/share/prims/jni.cpp, line 578]
Event: 0.574 Thread 0x00000207680d5950 Exception <a 'sun/nio/fs/WindowsException'{0x0000000710f45950}> (0x0000000710f45950) 
thrown [./open/src/hotspot/share/prims/jni.cpp, line 578]
Event: 0.686 Thread 0x00000207680d5950 Exception <a 'java/lang/NoSuchMethodError'{0x0000000710603da8}: 'void java.lang.invoke.DirectMethodHandle$Holder.invokeStatic(java.lang.Object, long, int, int)'> (0x0000000710603da8) 
thrown [./open/src/hotspot/share/interpreter/linkResolver.cpp, line 782]

Events (20 events):
Event: 0.699 loading class java/io/Externalizable
Event: 0.699 loading class java/io/Externalizable done
Event: 0.702 Loaded shared library C:\Users\Mikoláš Pešek\.jdks\openjdk-15.0.1\bin\verify.dll
Event: 0.722 loading class java/lang/SecurityException
Event: 0.723 loading class java/lang/SecurityException done
Event: 0.796 Loaded shared library C:\Users\Mikoláš Pešek\AppData\Local\Temp\lwjglMikoláš Pešek\3.2.0-build-12\lwjgl_opengl.dll
Event: 0.802 Loaded shared library C:\Users\Mikoláš Pešek\AppData\Local\Temp\lwjglMikoláš Pešek\3.2.0-build-12\lwjgl_opengl.dll
Event: 0.807 Thread 0x0000020716c43270 Thread exited: 0x0000020716c43270
Event: 0.808 Loaded shared library C:\Users\Mikoláš Pešek\AppData\Local\Temp\lwjglMikoláš Pešek\3.2.0-build-12\lwjgl.dll
Event: 0.849 Loaded shared library C:\Users\Mikoláš Pešek\AppData\Local\Temp\lwjglMikoláš Pešek\3.2.0-build-12\lwjgl_opengl.dll
Event: 0.851 Loaded shared library C:\Users\Mikoláš Pešek\AppData\Local\Temp\lwjglMikoláš Pešek\3.2.0-build-12\lwjgl.dll
Event: 0.853 Loaded shared library C:\Users\Mikoláš Pešek\AppData\Local\Temp\lwjglMikoláš Pešek\3.2.0-build-12\lwjgl.dll
Event: 0.857 Loaded shared library C:\Users\Mikoláš Pešek\AppData\Local\Temp\lwjglMikoláš Pešek\3.2.0-build-12\lwjgl_opengl.dll
Event: 0.861 Loaded shared library C:\Users\Mikoláš Pešek\AppData\Local\Temp\lwjglMikoláš Pešek\3.2.0-build-12\lwjgl_opengl.dll
Event: 0.888 Loaded shared library C:\Users\Mikoláš Pešek\AppData\Local\Temp\lwjglMikoláš Pešek\3.2.0-build-12\lwjgl_opengl.dll
Event: 0.891 Loaded shared library C:\Users\Mikoláš Pešek\AppData\Local\Temp\lwjglMikoláš Pešek\3.2.0-build-12\lwjgl.dll
Event: 1.213 Executing VM operation: HandshakeAllThreads
Event: 1.213 Executing VM operation: HandshakeAllThreads done
Event: 23.624 Executing VM operation: G1CollectForAllocation
Event: 23.626 Executing VM operation: G1CollectForAllocation done


Dynamic libraries:
0x00007ff6b8fa0000 - 0x00007ff6b8fad000 	C:\Users\Mikoláš Pešek\.jdks\openjdk-15.0.1\bin\java.exe
0x00007ffaa7910000 - 0x00007ffaa7b05000 	C:\WINDOWS\SYSTEM32\ntdll.dll
0x00007ffaa6c00000 - 0x00007ffaa6cbd000 	C:\WINDOWS\System32\KERNEL32.DLL
0x00007ffaa5470000 - 0x00007ffaa5738000 	C:\WINDOWS\System32\KERNELBASE.dll
0x00007ffaa51b0000 - 0x00007ffaa52b0000 	C:\WINDOWS\System32\ucrtbase.dll
0x00007ffa79fb0000 - 0x00007ffa79fc9000 	C:\Users\Mikoláš Pešek\.jdks\openjdk-15.0.1\bin\VCRUNTIME140.dll
0x00007ffa8eb10000 - 0x00007ffa8eb28000 	C:\Users\Mikoláš Pešek\.jdks\openjdk-15.0.1\bin\jli.dll
0x00007ffaa5a50000 - 0x00007ffaa5bf0000 	C:\WINDOWS\System32\USER32.dll
0x00007ffa92040000 - 0x00007ffa922da000 	C:\WINDOWS\WinSxS\amd64_microsoft.windows.common-controls_6595b64144ccf1df_6.0.19041.844_none_ca00b6081b84eb1d\COMCTL32.dll
0x00007ffaa58a0000 - 0x00007ffaa58c2000 	C:\WINDOWS\System32\win32u.dll
0x00007ffaa7710000 - 0x00007ffaa77ae000 	C:\WINDOWS\System32\msvcrt.dll
0x00007ffaa6300000 - 0x00007ffaa632a000 	C:\WINDOWS\System32\GDI32.dll
0x00007ffaa5790000 - 0x00007ffaa589b000 	C:\WINDOWS\System32\gdi32full.dll
0x00007ffaa58d0000 - 0x00007ffaa596d000 	C:\WINDOWS\System32\msvcp_win.dll
0x00007ffaa7540000 - 0x00007ffaa7570000 	C:\WINDOWS\System32\IMM32.DLL
0x00007ffa92e60000 - 0x00007ffa92e6c000 	C:\Users\Mikoláš Pešek\.jdks\openjdk-15.0.1\bin\vcruntime140_1.dll
0x00007ffa64d80000 - 0x00007ffa64e11000 	C:\Users\Mikoláš Pešek\.jdks\openjdk-15.0.1\bin\msvcp140.dll
0x00007ffa1d670000 - 0x00007ffa1e1ce000 	C:\Users\Mikoláš Pešek\.jdks\openjdk-15.0.1\bin\server\jvm.dll
0x00007ffaa6180000 - 0x00007ffaa622c000 	C:\WINDOWS\System32\ADVAPI32.dll
0x00007ffaa6b60000 - 0x00007ffaa6bfb000 	C:\WINDOWS\System32\sechost.dll
0x00007ffaa7570000 - 0x00007ffaa769b000 	C:\WINDOWS\System32\RPCRT4.dll
0x00007ffaa77b0000 - 0x00007ffaa77b8000 	C:\WINDOWS\System32\PSAPI.DLL
0x00007ffa98be0000 - 0x00007ffa98c07000 	C:\WINDOWS\SYSTEM32\WINMM.dll
0x00007ffa88cb0000 - 0x00007ffa88cb9000 	C:\WINDOWS\SYSTEM32\WSOCK32.dll
0x00007ffa9eab0000 - 0x00007ffa9eaba000 	C:\WINDOWS\SYSTEM32\VERSION.dll
0x00007ffaa76a0000 - 0x00007ffaa770b000 	C:\WINDOWS\System32\WS2_32.dll
0x00007ffaa2ec0000 - 0x00007ffaa2ed2000 	C:\WINDOWS\SYSTEM32\kernel.appcore.dll
0x00007ffa92bf0000 - 0x00007ffa92bfa000 	C:\Users\Mikoláš Pešek\.jdks\openjdk-15.0.1\bin\jimage.dll
0x00007ffa945f0000 - 0x00007ffa947d4000 	C:\WINDOWS\SYSTEM32\DBGHELP.DLL
0x00007ffa8b330000 - 0x00007ffa8b35c000 	C:\WINDOWS\SYSTEM32\dbgcore.DLL
0x00007ffaa5080000 - 0x00007ffaa5100000 	C:\WINDOWS\System32\bcryptPrimitives.dll
0x00007ffa6d1a0000 - 0x00007ffa6d1c5000 	C:\Users\Mikoláš Pešek\.jdks\openjdk-15.0.1\bin\java.dll
0x00007ffaa6df0000 - 0x00007ffaa7532000 	C:\WINDOWS\System32\SHELL32.dll
0x00007ffaa31a0000 - 0x00007ffaa3930000 	C:\WINDOWS\SYSTEM32\windows.storage.dll
0x00007ffaa6800000 - 0x00007ffaa6b55000 	C:\WINDOWS\System32\combase.dll
0x00007ffaa4ac0000 - 0x00007ffaa4aec000 	C:\WINDOWS\SYSTEM32\Wldp.dll
0x00007ffaa6230000 - 0x00007ffaa62de000 	C:\WINDOWS\System32\SHCORE.dll
0x00007ffaa59f0000 - 0x00007ffaa5a45000 	C:\WINDOWS\System32\shlwapi.dll
0x00007ffaa4f90000 - 0x00007ffaa4faf000 	C:\WINDOWS\SYSTEM32\profapi.dll
0x00007ffa76fa0000 - 0x00007ffa76fb9000 	C:\Users\Mikoláš Pešek\.jdks\openjdk-15.0.1\bin\net.dll
0x00007ffa93820000 - 0x00007ffa9392b000 	C:\WINDOWS\SYSTEM32\WINHTTP.dll
0x00007ffaa4830000 - 0x00007ffaa489a000 	C:\WINDOWS\system32\mswsock.dll
0x00007ffa72e40000 - 0x00007ffa72e52000 	C:\Users\Mikoláš Pešek\.jdks\openjdk-15.0.1\bin\nio.dll
0x00007ffa71410000 - 0x00007ffa71428000 	C:\Users\Mikoláš Pešek\.jdks\openjdk-15.0.1\bin\zip.dll
0x00007ffa62580000 - 0x00007ffa625e1000 	C:\Users\Mikoláš Pešek\AppData\Local\Temp\lwjglMikoláš Pešek\3.2.0-build-12\lwjgl.dll
0x00007ffa60720000 - 0x00007ffa6077c000 	C:\Users\MIKOLP~1\AppData\Local\Temp\lwjglMikoláš Pešek\3.2.0-build-12\glfw.dll
0x00007ffaa2a00000 - 0x00007ffaa2a9e000 	C:\WINDOWS\system32\uxtheme.dll
0x00007ffa6a1b0000 - 0x00007ffa6a1f5000 	C:\WINDOWS\SYSTEM32\dinput8.dll
0x00007ffa6cb30000 - 0x00007ffa6cb41000 	C:\WINDOWS\SYSTEM32\xinput1_4.dll
0x00007ffaa5740000 - 0x00007ffaa578e000 	C:\WINDOWS\System32\cfgmgr32.dll
0x00007ffaa4e00000 - 0x00007ffaa4e2c000 	C:\WINDOWS\SYSTEM32\DEVOBJ.dll
0x00007ffaa2e90000 - 0x00007ffaa2ebf000 	C:\WINDOWS\SYSTEM32\dwmapi.dll
0x00007ffa926c0000 - 0x00007ffa92812000 	C:\WINDOWS\SYSTEM32\inputhost.dll
0x00007ffaa5ea0000 - 0x00007ffaa5f6d000 	C:\WINDOWS\System32\OLEAUT32.dll
0x00007ffaa1a00000 - 0x00007ffaa1b54000 	C:\WINDOWS\SYSTEM32\wintypes.dll
0x00007ffaa25f0000 - 0x00007ffaa26e2000 	C:\WINDOWS\SYSTEM32\CoreMessaging.dll
0x00007ffaa0440000 - 0x00007ffaa0537000 	C:\WINDOWS\SYSTEM32\PROPSYS.dll
0x00007ffaa2290000 - 0x00007ffaa25ee000 	C:\WINDOWS\SYSTEM32\CoreUIComponents.dll
0x00007ffaa3d70000 - 0x00007ffaa3da3000 	C:\WINDOWS\SYSTEM32\ntmarta.dll
0x00007ffaa5bf0000 - 0x00007ffaa5d05000 	C:\WINDOWS\System32\MSCTF.dll
0x00007ffaa3930000 - 0x00007ffaa393d000 	C:\WINDOWS\SYSTEM32\HID.DLL
0x00007ffaa6390000 - 0x00007ffaa67f9000 	C:\WINDOWS\System32\SETUPAPI.DLL
0x00007ffaa5050000 - 0x00007ffaa5077000 	C:\WINDOWS\System32\bcrypt.dll
0x00007ffaa52b0000 - 0x00007ffaa5310000 	C:\WINDOWS\System32\WINTRUST.dll
0x00007ffaa5310000 - 0x00007ffaa546f000 	C:\WINDOWS\System32\CRYPT32.dll
0x00007ffaa4c40000 - 0x00007ffaa4c52000 	C:\WINDOWS\SYSTEM32\MSASN1.dll
0x00007ffa59070000 - 0x00007ffa59196000 	C:\WINDOWS\SYSTEM32\opengl32.dll
0x00007ffa58a30000 - 0x00007ffa58a5c000 	C:\WINDOWS\SYSTEM32\GLU32.dll
0x00007ffaa5df0000 - 0x00007ffaa5e99000 	C:\WINDOWS\System32\clbcatq.dll
0x00007ffa58a00000 - 0x00007ffa58a2b000 	C:\WINDOWS\System32\DriverStore\FileRepository\u0366490.inf_amd64_c0dea8a43cb81731\B366217\atig6pxx.dll
0x00007ffa4ac60000 - 0x00007ffa4da4a000 	C:\WINDOWS\System32\DriverStore\FileRepository\u0366490.inf_amd64_c0dea8a43cb81731\B366217\atio6axx.dll
0x00007ffaa6cc0000 - 0x00007ffaa6dea000 	C:\WINDOWS\System32\ole32.dll
0x00007ffa64b20000 - 0x00007ffa64b44000 	C:\WINDOWS\SYSTEM32\dxva2.dll
0x00007ffa54330000 - 0x00007ffa5436c000 	C:\WINDOWS\System32\DriverStore\FileRepository\u0366490.inf_amd64_c0dea8a43cb81731\B366217\atig6txx.dll
0x00007ffa79cb0000 - 0x00007ffa79e63000 	C:\WINDOWS\SYSTEM32\atiadlxx.dll
0x00007ffa79c50000 - 0x00007ffa79ca4000 	C:\WINDOWS\SYSTEM32\pdh.dll
0x00007ffa99a30000 - 0x00007ffa99a6b000 	C:\WINDOWS\SYSTEM32\dxcore.dll
0x00007ffa92820000 - 0x00007ffa92919000 	C:\WINDOWS\SYSTEM32\textinputframework.dll
0x00007ffa606c0000 - 0x00007ffa60719000 	C:\Users\Mikoláš Pešek\AppData\Local\Temp\lwjglMikoláš Pešek\3.2.0-build-12\lwjgl_opengl.dll
0x00007ffa92630000 - 0x00007ffa92640000 	C:\Users\Mikoláš Pešek\.jdks\openjdk-15.0.1\bin\verify.dll

dbghelp: loaded successfully - version: 4.0.5 - missing functions: none
symbol engine: initialized successfully - sym options: 0x614 - pdb path: .;C:\Users\Mikoláš Pešek\.jdks\openjdk-15.0.1\bin;C:\WINDOWS\SYSTEM32;C:\WINDOWS\WinSxS\amd64_microsoft.windows.common-controls_6595b64144ccf1df_6.0.19041.844_none_ca00b6081b84eb1d;C:\Users\Mikoláš Pešek\.jdks\openjdk-15.0.1\bin\server;C:\Users\Mikoláš Pešek\AppData\Local\Temp\lwjglMikoláš Pešek\3.2.0-build-12;C:\Users\MIKOLP~1\AppData\Local\Temp\lwjglMikoláš Pešek\3.2.0-build-12;C:\WINDOWS\System32\DriverStore\FileRepository\u0366490.inf_amd64_c0dea8a43cb81731\B366217

VM Arguments:
jvm_args: -Dfile.encoding=windows-1250 -Duser.country=CZ -Duser.language=cs -Duser.variant 
java_command: Main
java_class_path (initial): C:\Users\Mikoláš Pešek\IdeaProjects\OpenGLVBO\build\classes\java\main;C:\Users\Mikoláš Pešek\IdeaProjects\OpenGLVBO\build\resources\main;C:\Users\Mikoláš Pešek\.gradle\caches\modules-2\files-2.1\org.lwjgl\lwjgl-assimp\3.2.0\c399181a0725dcc3b3edcc6116da7f724c6ad1c6\lwjgl-assimp-3.2.0.jar;C:\Users\Mikoláš Pešek\.gradle\caches\modules-2\files-2.1\org.lwjgl\lwjgl-assimp\3.2.0\cf6445aa8c3c44cffaa6be15d70f01952b3b1745\lwjgl-assimp-3.2.0-natives-windows.jar;C:\Users\Mikoláš Pešek\.gradle\caches\modules-2\files-2.1\org.lwjgl\lwjgl-glfw\3.2.0\9ff0ed06de0a1d83dd182f2ead48ac4c90865c44\lwjgl-glfw-3.2.0.jar;C:\Users\Mikoláš Pešek\.gradle\caches\modules-2\files-2.1\org.lwjgl\lwjgl-glfw\3.2.0\986cd6b09807ad2d67b5002b6d9dc089e3fc88f8\lwjgl-glfw-3.2.0-natives-windows.jar;C:\Users\Mikoláš Pešek\.gradle\caches\modules-2\files-2.1\org.lwjgl\lwjgl-openal\3.2.0\28174519523e11c2f3227359f242d48edfa76654\lwjgl-openal-3.2.0.jar;C:\Users\Mikoláš Pešek\.gradle\caches\modules-2\files-2.1\org.lwjgl\lwjgl-openal\3.2.0\f6017538443bb894faad58a3ccd0d400c4023a1c\lwjgl-openal-3.2.0-natives-windows.jar;C:\Users\Mikoláš Pešek\.gradle\caches\modules-2\files-2.1\org.lwjgl\lwjgl-opengl\3.2.0\1c64c692473a70af297651d369debc93efa2e49f\lwjgl-opengl-3.2.0.jar;C:\Users\Mikoláš Pešek\.gradle\caches\modules-2\files-2.1\org.lwjgl\lwjgl-opengl\3.2.0\b1f27bce30f8e40b03502a5d86687b30d844ba35\lwjgl-opengl-3.2.0-natives-windows.jar;C:\Users\Mikoláš Pešek\.gradle\caches\modules-2\files-2.1\org.lwjgl\lwjgl-stb\3.2.0\cd60eafae0690e024fab99e9864a2ea8e56d86a8\lwjgl-stb-3.2.0.jar;C:\Users\Mikoláš Pešek\.gradle\caches\modules-2\files-2.1\org.lwjgl\lwjgl-stb\3.2.0\cb5cb95f39fa83de93ce7fee1bb23dd1c7db4da3\lwjgl-stb-3.2.0-natives-windows.jar;C:\Users\Mikoláš Pešek\.gradle\caches\modules-2\files-2.1\org.lwjgl\lwjgl\3.2.0\7723544dc3fc740f0ee59cce9a3a0cecc8681747\lwjgl-3.2.0.jar;C:\Users\Mikoláš Pešek\.gradle\caches\modules-2\files-2.1\org.lwjgl\lwjgl\3.2.0\86c90ce2abe6129bfd5052a8b82f3dc2394c8dd1\lwjgl-
Launcher Type: SUN_STANDARD

[Global flags]
     intx CICompilerCount                          = 4                                         {product} {ergonomic}
     uint ConcGCThreads                            = 3                                         {product} {ergonomic}
     uint G1ConcRefinementThreads                  = 10                                        {product} {ergonomic}
   size_t G1HeapRegionSize                         = 2097152                                   {product} {ergonomic}
    uintx GCDrainStackTargetSize                   = 64                                        {product} {ergonomic}
   size_t InitialHeapSize                          = 268435456                                 {product} {ergonomic}
   size_t MarkStackSize                            = 4194304                                   {product} {ergonomic}
   size_t MaxHeapSize                              = 4273995776                                {product} {ergonomic}
   size_t MaxNewSize                               = 2562719744                                {product} {ergonomic}
   size_t MinHeapDeltaBytes                        = 2097152                                   {product} {ergonomic}
   size_t MinHeapSize                              = 8388608                                   {product} {ergonomic}
    uintx NonNMethodCodeHeapSize                   = 5839372                                {pd product} {ergonomic}
    uintx NonProfiledCodeHeapSize                  = 122909434                              {pd product} {ergonomic}
    uintx ProfiledCodeHeapSize                     = 122909434                              {pd product} {ergonomic}
    uintx ReservedCodeCacheSize                    = 251658240                              {pd product} {ergonomic}
     bool SegmentedCodeCache                       = true                                      {product} {ergonomic}
   size_t SoftMaxHeapSize                          = 4273995776                             {manageable} {ergonomic}
     bool UseCompressedClassPointers               = true                                 {lp64_product} {ergonomic}
     bool UseCompressedOops                        = true                                 {lp64_product} {ergonomic}
     bool UseG1GC                                  = true                                      {product} {ergonomic}
     bool UseLargePagesIndividualAllocation        = false                                  {pd product} {ergonomic}

Logging:
Log output configuration:
 #0: stdout all=warning uptime,level,tags
 #1: stderr all=off uptime,level,tags

Environment Variables:
JAVA_HOME=C:\Users\Mikoláš Pešek\jdk-14.0.2
PATH=C:\Program Files (x86)\Intel\Intel(R) Management Engine Components\iCLS\;C:\Program Files\Intel\Intel(R) Management Engine Components\iCLS\;C:\Program Files (x86)\Common Files\Oracle\Java\javapath;C:\ProgramData\Oracle\Java\javapath;C:\Users\Mikoláš Pešek\jdk-14.0.2\bin;C:\Python39\Scripts\;C:\Python39\;C:\Program Files\NVIDIA GPU Computing Toolkit\CUDA\v10.2\bin;C:\Program Files\NVIDIA GPU Computing Toolkit\CUDA\v10.2\libnvvp;C:\WINDOWS\system32;C:\WINDOWS;C:\WINDOWS\System32\Wbem;C:\WINDOWS\System32\WindowsPowerShell\v1.0\;C:\WINDOWS\System32\OpenSSH\;C:\Program Files\NVIDIA Corporation\NVIDIA NvDLISR;C:\Program Files (x86)\Brackets\command;C:\Program Files\Git\cmd;C:\Program Files\NVIDIA Corporation\Nsight Compute 2019.5.0\;C:\ProgramData\chocolatey\bin;C:\Users\Mikoláš Pešek\apache-maven-3.6.3\bin;C:\Program Files\Inkscape\bin;C:\Program Files\nodejs\;C:\Program Files (x86)\Intel\Intel(R) Management Engine Components\DAL;C:\Program Files\Intel\Intel(R) Management Engine Components\DAL;C:\Program Files (x86)\Intel\Intel(R) Management Engine Components\IPT;C:\Program Files\Intel\Intel(R) Management Engine Components\IPT;C:\Program Files\Intel\WiFi\bin\;C:\Program Files\Common Files\Intel\WirelessCommon\;C:\Program Files (x86)\NVIDIA Corporation\PhysX\Common;C:\Program Files\Intel\Intel(R) Memory and Storage Tool\;C:\Users\Mikoláš Pešek\AppData\Local\Microsoft\WindowsApps;C:\Users\Mikoláš Pešek\AppData\Local\GitHubDesktop\bin;C:\Users\Mikoláš Pešek\apache-maven-3.6.3\bin;C:\Users\Mikoláš Pešek\jdk-14.0.2\bin;C:\Users\Mikoláš Pešek\AppData\Roaming\npm;C:\Program Files\Intel\WiFi\bin\;C:\Program Files\Common Files\Intel\WirelessCommon\
USERNAME=Mikoláš Pešek
OS=Windows_NT
PROCESSOR_IDENTIFIER=Intel64 Family 6 Model 158 Stepping 10, GenuineIntel



---------------  S Y S T E M  ---------------

OS:
 Windows 10 , 64 bit Build 19041 (10.0.19041.928)
OS uptime: 0 days 10:58 hours

CPU: total 12 (initial active 12) (6 cores per cpu, 2 threads per core) family 6 model 158 stepping 10 microcode 0xde, cmov, cx8, fxsr, mmx, sse, sse2, sse3, ssse3, sse4.1, sse4.2, popcnt, vzeroupper, avx, avx2, aes, clmul, erms, rtm, 3dnowpref, lzcnt, ht, tsc, tscinvbit, bmi1, bmi2, adx, fma, clflush, clflushopt

Memory: 4k page, system-wide physical 16301M (8681M free)
TotalPageFile size 25517M (AvailPageFile size 9785M)
current process WorkingSet (physical memory assigned to process): 104M, peak: 104M
current process commit charge ("private bytes"): 439M, peak: 442M

vm_info: OpenJDK 64-Bit Server VM (15.0.1+9-18) for windows-amd64 JRE (15.0.1+9-18), built on Sep 15 2020 14:39:31 by "mach5one" with unknown MS VC++:1925

END.
